#
# A fatal error has been detected by the Java Runtime Environment:
#
#  SIGSEGV (0xb) at pc=0x00007ff813de9340, pid=82848, tid=74195
#
# JRE version: OpenJDK Runtime Environment Temurin-23.0.1+11 (23.0.1+11) (build 23.0.1+11)
# Java VM: OpenJDK 64-Bit Server VM Temurin-23.0.1+11 (23.0.1+11, mixed mode, sharing, tiered, compressed oops, compressed class ptrs, g1 gc, bsd-amd64)
# Problematic frame:
# C  [CoreVideo+0x2340]  CVHWTime::reset()+0x2e
#
# No core dump will be written. Core dumps have been disabled. To enable core dumping, try "ulimit -c unlimited" before starting Java again
#
# If you would like to submit a bug report, please visit:
#   https://github.com/adoptium/adoptium-support/issues
#

---------------  S U M M A R Y ------------

Command Line: -Dfile.encoding=UTF-8 -Dstdout.encoding=UTF-8 -Dstderr.encoding=UTF-8 -XX:+ShowCodeDetailsInExceptionMessages assignment0.RobotController

Host: "Mac15,12" x86_64 (EMULATED) 2400 MHz, 8 cores, 8G, Darwin 23.6.0, macOS 14.6 (23G80)
Time: Thu Jan 16 09:38:25 2025 CST elapsed time: 4554.580054 seconds (0d 1h 15m 54s)

---------------  T H R E A D  ---------------

Current thread is native thread

Stack: [0x000000030a5ba000,0x000000030a63a000],  sp=0x000000030a639df0,  free space=511k
Native frames: (J=compiled Java code, j=interpreted, Vv=VM code, C=native code)
C  [CoreVideo+0x2340]  CVHWTime::reset()+0x2e
C  [CoreVideo+0x2caa]  CVXTime::reset()+0x2c
C  [CoreVideo+0x29dc]  CVDisplayLink::runIOThread()+0xba
C  [libsystem_pthread.dylib+0x618b]  _pthread_start+0x63
C  [libsystem_pthread.dylib+0x1ae3]  thread_start+0xf

siginfo: si_signo: 11 (SIGSEGV), si_code: 1 (SEGV_MAPERR), si_addr: 0x00000000000009c3

Registers:
RAX=0x00000000000007fb, RBX=0x00006000030da298, RCX=0x0000000000000000, RDX=0x00006000030da298
RSP=0x000000030a639df0, RBP=0x000000030a639e00, RSI=0x00007ff813dffda0, RDI=0x00007ff84c6aacb0
R8 =0x00000e2100000000, R9 =0x0001741700000000, R10=0x00017417000121d3, R11=0x0000000000000000
R12=0x0000000000000000, R13=0x0000000000000000, R14=0x0000000000000000, R15=0x0000000000000000
RIP=0x00007ff813de9340, EFLAGS=0x0000000000000202, ERR=0x0000000000000004
  TRAPNO=0x000000000000000e


Top of Stack: (sp=0x000000030a639df0)
0x000000030a639df0:   00006000030da290 0000000000000000
0x000000030a639e00:   000000030a639e20 00007ff813de9caa
0x000000030a639e10:   00007fb8cd995220 00000000000121d3
0x000000030a639e20:   000000030a639fb0 00007ff813de99dc
0x000000030a639e30:   0000000000000017 0000000000000000
0x000000030a639e40:   0000000000000000 0000000000000000
0x000000030a639e50:   0000000000000000 0000000000000000
0x000000030a639e60:   0000000000000000 0000000000000000
0x000000030a639e70:   0000000000000000 0000000000000000
0x000000030a639e80:   0000000000000000 00007fb8cd995238
0x000000030a639e90:   0000000000000000 0000000203404410
0x000000030a639ea0:   000143a000000000 000001f500014346
0x000000030a639eb0:   000001f500000014 000001f500000014
0x000000030a639ec0:   0000000000000014 65686e006176616a
0x000000030a639ed0:   000000007265706c 65686e006176616a
0x000000030a639ee0:   000000007265706c 0000000000000000
0x000000030a639ef0:   0000000000000000 0001434600000019
0x000000030a639f00:   ffffffff00000001 0000000000000000
0x000000030a639f10:   0000000067882036 0000000000050f35
0x000000030a639f20:   00000009ef54e000 0000000004579000
0x000000030a639f30:   00000003f4d2f13d 0000000489335e15
0x000000030a639f40:   0000000309dddb8b 00000001d50a1771
0x000000030a639f50:   0023d51100000001 000003f700001007
0x000000030a639f60:   0057762f006caae9 01f37e4c03ed9a8b
0x000000030a639f70:   0000002700cb7882 0000001f00000005
0x000000030a639f80:   f59a3ec6787000e0 000000030a63a000
0x000000030a639f90:   0000000000000000 0000000000000000
0x000000030a639fa0:   0000000000000000 0000000000000000
0x000000030a639fb0:   000000030a639fd0 00007ff80aa7c18b
0x000000030a639fc0:   0000000000000000 0000000000000000
0x000000030a639fd0:   000000030a639ff0 00007ff80aa77ae3
0x000000030a639fe0:   0000000000000000 00007ff7ffcdd8e8 

Instructions: (pc=0x00007ff813de9340)
0x00007ff813de9240:   9f 03 00 48 89 83 58 02 00 00 48 8b b3 50 02 00
0x00007ff813de9250:   00 48 8b 0d d0 b4 85 38 48 8b 11 48 89 c7 e8 f7
0x00007ff813de9260:   9e 03 00 48 c7 83 68 02 00 00 00 00 00 00 48 c7
0x00007ff813de9270:   83 70 02 00 00 02 00 00 00 c6 43 10 01 48 8b 05
0x00007ff813de9280:   dc b0 85 38 48 8b 00 48 3b 45 e8 75 0c 48 89 d8
0x00007ff813de9290:   48 83 c4 40 5b 41 5e 5d c3 e8 22 a2 03 00 48 89
0x00007ff813de92a0:   c3 4c 89 f7 e8 a7 a2 03 00 48 89 df e8 eb a1 03
0x00007ff813de92b0:   00 90 55 48 89 e5 41 56 53 48 89 fb 48 89 37 4c
0x00007ff813de92c0:   8d 77 08 4c 89 f7 e8 23 00 00 00 48 c7 43 48 00
0x00007ff813de92d0:   00 00 00 c7 43 50 00 00 00 00 0f 57 c0 0f 11 43
0x00007ff813de92e0:   58 4c 89 f7 5b 41 5e 5d e9 25 00 00 00 90 55 48
0x00007ff813de92f0:   89 e5 48 89 37 48 8b 86 c8 01 00 00 48 89 47 08
0x00007ff813de9300:   0f 57 c0 0f 11 47 10 0f 11 47 20 0f 11 47 2c 5d
0x00007ff813de9310:   c3 90 55 48 89 e5 41 56 53 48 89 fb 48 8b 4f 28
0x00007ff813de9320:   48 8d 35 8c d0 04 00 45 31 f6 bf 04 00 00 00 48
0x00007ff813de9330:   89 da 31 c0 e8 b6 68 01 00 4c 89 73 28 48 8b 03
0x00007ff813de9340:   48 8b 80 c8 01 00 00 48 89 43 08 4c 89 73 30 c7
0x00007ff813de9350:   43 38 00 00 00 00 0f 57 c0 0f 11 43 10 4c 89 73
0x00007ff813de9360:   20 5b 41 5e 5d c3 55 48 89 e5 41 57 41 56 41 55
0x00007ff813de9370:   41 54 53 50 41 89 f6 48 89 fb 89 f7 e8 ab 9e 03
0x00007ff813de9380:   00 41 89 c7 48 c7 83 b8 01 00 00 e9 03 00 00 48
0x00007ff813de9390:   c7 83 c0 01 00 00 60 ea 00 00 48 8d 05 e4 18 8c
0x00007ff813de93a0:   38 80 38 00 75 05 e8 39 01 00 00 48 8d 05 c2 18
0x00007ff813de93b0:   8c 38 8b 00 f2 48 0f 2a c0 48 8d 05 b8 18 8c 38
0x00007ff813de93c0:   8b 00 f2 48 0f 2a c8 f2 0f 10 15 19 dd 04 00 f2
0x00007ff813de93d0:   0f 5e d0 f2 0f 59 d1 f2 48 0f 2c c2 48 89 c1 48
0x00007ff813de93e0:   c1 f9 3f f2 0f 5c 15 7d d8 04 00 f2 48 0f 2c d2
0x00007ff813de93f0:   48 21 ca 48 09 c2 48 89 93 c8 01 00 00 45 85 ff
0x00007ff813de9400:   0f 84 b5 00 00 00 45 31 e4 45 0f a3 e7 72 0f 41
0x00007ff813de9410:   ff c4 41 83 fc 20 75 f1 41 bc 20 00 00 00 48 8d
0x00007ff813de9420:   35 06 d4 03 00 bf 01 00 00 00 48 89 da 44 89 75
0x00007ff813de9430:   d4 44 89 f1 31 c0 e8 b4 67 01 00 4c 8d 6b 18 4c 



---------------  P R O C E S S  ---------------

VM state: not at safepoint (normal execution)

VM Mutex/Monitor currently owned by a thread: None

Heap address: 0x0000000780000000, size: 2048 MB, Compressed Oops mode: Zero based, Oop shift amount: 3

CDS archive(s) mapped at: [0x0000000127000000-0x0000000127d8f000-0x0000000127d8f000), size 14217216, SharedBaseAddress: 0x0000000127000000, ArchiveRelocationMode: 1.
Compressed class space mapped at: 0x0000000128000000-0x0000000168000000, reserved size: 1073741824
Narrow klass base: 0x0000000127000000, Narrow klass shift: 0, Narrow klass range: 0x100000000

GC Precious Log:
<Skipped>

Heap:
 garbage-first heap   total reserved 2097152K, committed 133120K, used 61412K [0x0000000780000000, 0x0000000800000000)
  region size 1024K, 53 young (54272K), 1 survivors (1024K)
 Metaspace       used 9846K, committed 10112K, reserved 1114112K
  class space    used 1088K, committed 1216K, reserved 1048576K

Heap Regions: E=young(eden), S=young(survivor), O=old, HS=humongous(starts), HC=humongous(continues), CS=collection set, F=free, TAMS=top-at-mark-start, PB=parsable bottom
|   0|0x0000000780000000, 0x0000000780100000, 0x0000000780100000|100%|HS|  |TAMS 0x0000000780000000| PB 0x0000000780000000| Complete |  0
|   1|0x0000000780100000, 0x0000000780200000, 0x0000000780200000|100%|HC|  |TAMS 0x0000000780100000| PB 0x0000000780100000| Complete |  0
|   2|0x0000000780200000, 0x0000000780300000, 0x0000000780300000|100%|HC|  |TAMS 0x0000000780200000| PB 0x0000000780200000| Complete |  0
|   3|0x0000000780300000, 0x0000000780400000, 0x0000000780400000|100%| O|  |TAMS 0x0000000780300000| PB 0x0000000780300000| Untracked |  0
|   4|0x0000000780400000, 0x0000000780500000, 0x0000000780500000|100%| O|  |TAMS 0x0000000780400000| PB 0x0000000780400000| Untracked |  0
|   5|0x0000000780500000, 0x0000000780600000, 0x0000000780600000|100%| O|  |TAMS 0x0000000780500000| PB 0x0000000780500000| Untracked |  0
|   6|0x0000000780600000, 0x0000000780700000, 0x0000000780700000|100%| O|  |TAMS 0x0000000780600000| PB 0x0000000780600000| Untracked |  0
|   7|0x0000000780700000, 0x00000007807498d0, 0x0000000780800000| 28%| O|  |TAMS 0x0000000780700000| PB 0x0000000780700000| Untracked |  0
|   8|0x0000000780800000, 0x0000000780800000, 0x0000000780900000|  0%| F|  |TAMS 0x0000000780800000| PB 0x0000000780800000| Untracked |  0
|   9|0x0000000780900000, 0x0000000780900000, 0x0000000780a00000|  0%| F|  |TAMS 0x0000000780900000| PB 0x0000000780900000| Untracked |  0
|  10|0x0000000780a00000, 0x0000000780a00000, 0x0000000780b00000|  0%| F|  |TAMS 0x0000000780a00000| PB 0x0000000780a00000| Untracked |  0
|  11|0x0000000780b00000, 0x0000000780b00000, 0x0000000780c00000|  0%| F|  |TAMS 0x0000000780b00000| PB 0x0000000780b00000| Untracked |  0
|  12|0x0000000780c00000, 0x0000000780c00000, 0x0000000780d00000|  0%| F|  |TAMS 0x0000000780c00000| PB 0x0000000780c00000| Untracked |  0
|  13|0x0000000780d00000, 0x0000000780d00000, 0x0000000780e00000|  0%| F|  |TAMS 0x0000000780d00000| PB 0x0000000780d00000| Untracked |  0
|  14|0x0000000780e00000, 0x0000000780e00000, 0x0000000780f00000|  0%| F|  |TAMS 0x0000000780e00000| PB 0x0000000780e00000| Untracked |  0
|  15|0x0000000780f00000, 0x0000000780f00000, 0x0000000781000000|  0%| F|  |TAMS 0x0000000780f00000| PB 0x0000000780f00000| Untracked |  0
|  16|0x0000000781000000, 0x0000000781000000, 0x0000000781100000|  0%| F|  |TAMS 0x0000000781000000| PB 0x0000000781000000| Untracked |  0
|  17|0x0000000781100000, 0x0000000781100000, 0x0000000781200000|  0%| F|  |TAMS 0x0000000781100000| PB 0x0000000781100000| Untracked |  0
|  18|0x0000000781200000, 0x0000000781200000, 0x0000000781300000|  0%| F|  |TAMS 0x0000000781200000| PB 0x0000000781200000| Untracked |  0
|  19|0x0000000781300000, 0x0000000781300000, 0x0000000781400000|  0%| F|  |TAMS 0x0000000781300000| PB 0x0000000781300000| Untracked |  0
|  20|0x0000000781400000, 0x0000000781400000, 0x0000000781500000|  0%| F|  |TAMS 0x0000000781400000| PB 0x0000000781400000| Untracked |  0
|  21|0x0000000781500000, 0x0000000781500000, 0x0000000781600000|  0%| F|  |TAMS 0x0000000781500000| PB 0x0000000781500000| Untracked |  0
|  22|0x0000000781600000, 0x0000000781600000, 0x0000000781700000|  0%| F|  |TAMS 0x0000000781600000| PB 0x0000000781600000| Untracked |  0
|  23|0x0000000781700000, 0x0000000781700000, 0x0000000781800000|  0%| F|  |TAMS 0x0000000781700000| PB 0x0000000781700000| Untracked |  0
|  24|0x0000000781800000, 0x0000000781800000, 0x0000000781900000|  0%| F|  |TAMS 0x0000000781800000| PB 0x0000000781800000| Untracked |  0
|  25|0x0000000781900000, 0x0000000781900000, 0x0000000781a00000|  0%| F|  |TAMS 0x0000000781900000| PB 0x0000000781900000| Untracked |  0
|  26|0x0000000781a00000, 0x0000000781a00000, 0x0000000781b00000|  0%| F|  |TAMS 0x0000000781a00000| PB 0x0000000781a00000| Untracked |  0
|  27|0x0000000781b00000, 0x0000000781b00000, 0x0000000781c00000|  0%| F|  |TAMS 0x0000000781b00000| PB 0x0000000781b00000| Untracked |  0
|  28|0x0000000781c00000, 0x0000000781c00000, 0x0000000781d00000|  0%| F|  |TAMS 0x0000000781c00000| PB 0x0000000781c00000| Untracked |  0
|  29|0x0000000781d00000, 0x0000000781d00000, 0x0000000781e00000|  0%| F|  |TAMS 0x0000000781d00000| PB 0x0000000781d00000| Untracked |  0
|  30|0x0000000781e00000, 0x0000000781e00000, 0x0000000781f00000|  0%| F|  |TAMS 0x0000000781e00000| PB 0x0000000781e00000| Untracked |  0
|  31|0x0000000781f00000, 0x0000000781f00000, 0x0000000782000000|  0%| F|  |TAMS 0x0000000781f00000| PB 0x0000000781f00000| Untracked |  0
|  32|0x0000000782000000, 0x0000000782000000, 0x0000000782100000|  0%| F|  |TAMS 0x0000000782000000| PB 0x0000000782000000| Untracked |  0
|  33|0x0000000782100000, 0x0000000782100000, 0x0000000782200000|  0%| F|  |TAMS 0x0000000782100000| PB 0x0000000782100000| Untracked |  0
|  34|0x0000000782200000, 0x0000000782200000, 0x0000000782300000|  0%| F|  |TAMS 0x0000000782200000| PB 0x0000000782200000| Untracked |  0
|  35|0x0000000782300000, 0x0000000782300000, 0x0000000782400000|  0%| F|  |TAMS 0x0000000782300000| PB 0x0000000782300000| Untracked |  0
|  36|0x0000000782400000, 0x0000000782400000, 0x0000000782500000|  0%| F|  |TAMS 0x0000000782400000| PB 0x0000000782400000| Untracked |  0
|  37|0x0000000782500000, 0x0000000782500000, 0x0000000782600000|  0%| F|  |TAMS 0x0000000782500000| PB 0x0000000782500000| Untracked |  0
|  38|0x0000000782600000, 0x0000000782600000, 0x0000000782700000|  0%| F|  |TAMS 0x0000000782600000| PB 0x0000000782600000| Untracked |  0
|  39|0x0000000782700000, 0x0000000782700000, 0x0000000782800000|  0%| F|  |TAMS 0x0000000782700000| PB 0x0000000782700000| Untracked |  0
|  40|0x0000000782800000, 0x0000000782800000, 0x0000000782900000|  0%| F|  |TAMS 0x0000000782800000| PB 0x0000000782800000| Untracked |  0
|  41|0x0000000782900000, 0x0000000782900000, 0x0000000782a00000|  0%| F|  |TAMS 0x0000000782900000| PB 0x0000000782900000| Untracked |  0
|  42|0x0000000782a00000, 0x0000000782a00000, 0x0000000782b00000|  0%| F|  |TAMS 0x0000000782a00000| PB 0x0000000782a00000| Untracked |  0
|  43|0x0000000782b00000, 0x0000000782b00000, 0x0000000782c00000|  0%| F|  |TAMS 0x0000000782b00000| PB 0x0000000782b00000| Untracked |  0
|  44|0x0000000782c00000, 0x0000000782c00000, 0x0000000782d00000|  0%| F|  |TAMS 0x0000000782c00000| PB 0x0000000782c00000| Untracked |  0
|  45|0x0000000782d00000, 0x0000000782d00000, 0x0000000782e00000|  0%| F|  |TAMS 0x0000000782d00000| PB 0x0000000782d00000| Untracked |  0
|  46|0x0000000782e00000, 0x0000000782e00000, 0x0000000782f00000|  0%| F|  |TAMS 0x0000000782e00000| PB 0x0000000782e00000| Untracked |  0
|  47|0x0000000782f00000, 0x0000000782f00000, 0x0000000783000000|  0%| F|  |TAMS 0x0000000782f00000| PB 0x0000000782f00000| Untracked |  0
|  48|0x0000000783000000, 0x0000000783000000, 0x0000000783100000|  0%| F|  |TAMS 0x0000000783000000| PB 0x0000000783000000| Untracked |  0
|  49|0x0000000783100000, 0x0000000783100000, 0x0000000783200000|  0%| F|  |TAMS 0x0000000783100000| PB 0x0000000783100000| Untracked |  0
|  50|0x0000000783200000, 0x0000000783200000, 0x0000000783300000|  0%| F|  |TAMS 0x0000000783200000| PB 0x0000000783200000| Untracked |  0
|  51|0x0000000783300000, 0x0000000783302850, 0x0000000783400000|  0%| S|CS|TAMS 0x0000000783300000| PB 0x0000000783300000| Complete |  0
|  52|0x0000000783400000, 0x0000000783400000, 0x0000000783500000|  0%| F|  |TAMS 0x0000000783400000| PB 0x0000000783400000| Untracked |  0
|  53|0x0000000783500000, 0x0000000783500000, 0x0000000783600000|  0%| F|  |TAMS 0x0000000783500000| PB 0x0000000783500000| Untracked |  0
|  54|0x0000000783600000, 0x0000000783600000, 0x0000000783700000|  0%| F|  |TAMS 0x0000000783600000| PB 0x0000000783600000| Untracked |  0
|  55|0x0000000783700000, 0x0000000783700000, 0x0000000783800000|  0%| F|  |TAMS 0x0000000783700000| PB 0x0000000783700000| Untracked |  0
|  56|0x0000000783800000, 0x0000000783800000, 0x0000000783900000|  0%| F|  |TAMS 0x0000000783800000| PB 0x0000000783800000| Untracked |  0
|  57|0x0000000783900000, 0x0000000783900000, 0x0000000783a00000|  0%| F|  |TAMS 0x0000000783900000| PB 0x0000000783900000| Untracked |  0
|  58|0x0000000783a00000, 0x0000000783a00000, 0x0000000783b00000|  0%| F|  |TAMS 0x0000000783a00000| PB 0x0000000783a00000| Untracked |  0
|  59|0x0000000783b00000, 0x0000000783b00000, 0x0000000783c00000|  0%| F|  |TAMS 0x0000000783b00000| PB 0x0000000783b00000| Untracked |  0
|  60|0x0000000783c00000, 0x0000000783c00000, 0x0000000783d00000|  0%| F|  |TAMS 0x0000000783c00000| PB 0x0000000783c00000| Untracked |  0
|  61|0x0000000783d00000, 0x0000000783d00000, 0x0000000783e00000|  0%| F|  |TAMS 0x0000000783d00000| PB 0x0000000783d00000| Untracked |  0
|  62|0x0000000783e00000, 0x0000000783e00000, 0x0000000783f00000|  0%| F|  |TAMS 0x0000000783e00000| PB 0x0000000783e00000| Untracked |  0
|  63|0x0000000783f00000, 0x0000000783f00000, 0x0000000784000000|  0%| F|  |TAMS 0x0000000783f00000| PB 0x0000000783f00000| Untracked |  0
|  64|0x0000000784000000, 0x0000000784000000, 0x0000000784100000|  0%| F|  |TAMS 0x0000000784000000| PB 0x0000000784000000| Untracked |  0
|  65|0x0000000784100000, 0x0000000784100000, 0x0000000784200000|  0%| F|  |TAMS 0x0000000784100000| PB 0x0000000784100000| Untracked |  0
|  66|0x0000000784200000, 0x0000000784200000, 0x0000000784300000|  0%| F|  |TAMS 0x0000000784200000| PB 0x0000000784200000| Untracked |  0
|  67|0x0000000784300000, 0x0000000784300000, 0x0000000784400000|  0%| F|  |TAMS 0x0000000784300000| PB 0x0000000784300000| Untracked |  0
|  68|0x0000000784400000, 0x0000000784400000, 0x0000000784500000|  0%| F|  |TAMS 0x0000000784400000| PB 0x0000000784400000| Untracked |  0
|  69|0x0000000784500000, 0x0000000784500000, 0x0000000784600000|  0%| F|  |TAMS 0x0000000784500000| PB 0x0000000784500000| Untracked |  0
|  70|0x0000000784600000, 0x0000000784600000, 0x0000000784700000|  0%| F|  |TAMS 0x0000000784600000| PB 0x0000000784600000| Untracked |  0
|  71|0x0000000784700000, 0x0000000784700000, 0x0000000784800000|  0%| F|  |TAMS 0x0000000784700000| PB 0x0000000784700000| Untracked |  0
|  72|0x0000000784800000, 0x0000000784800000, 0x0000000784900000|  0%| F|  |TAMS 0x0000000784800000| PB 0x0000000784800000| Untracked |  0
|  73|0x0000000784900000, 0x0000000784900000, 0x0000000784a00000|  0%| F|  |TAMS 0x0000000784900000| PB 0x0000000784900000| Untracked |  0
|  74|0x0000000784a00000, 0x0000000784a00000, 0x0000000784b00000|  0%| F|  |TAMS 0x0000000784a00000| PB 0x0000000784a00000| Untracked |  0
|  75|0x0000000784b00000, 0x0000000784b00000, 0x0000000784c00000|  0%| F|  |TAMS 0x0000000784b00000| PB 0x0000000784b00000| Untracked |  0
|  76|0x0000000784c00000, 0x0000000784c90038, 0x0000000784d00000| 56%| E|  |TAMS 0x0000000784c00000| PB 0x0000000784c00000| Complete |  2
|  77|0x0000000784d00000, 0x0000000784e00000, 0x0000000784e00000|100%| E|CS|TAMS 0x0000000784d00000| PB 0x0000000784d00000| Complete |  0
|  78|0x0000000784e00000, 0x0000000784f00000, 0x0000000784f00000|100%| E|CS|TAMS 0x0000000784e00000| PB 0x0000000784e00000| Complete |  0
|  79|0x0000000784f00000, 0x0000000785000000, 0x0000000785000000|100%| E|CS|TAMS 0x0000000784f00000| PB 0x0000000784f00000| Complete |  0
|  80|0x0000000785000000, 0x0000000785100000, 0x0000000785100000|100%| E|CS|TAMS 0x0000000785000000| PB 0x0000000785000000| Complete |  0
|  81|0x0000000785100000, 0x0000000785200000, 0x0000000785200000|100%| E|CS|TAMS 0x0000000785100000| PB 0x0000000785100000| Complete |  0
|  82|0x0000000785200000, 0x0000000785300000, 0x0000000785300000|100%| E|CS|TAMS 0x0000000785200000| PB 0x0000000785200000| Complete |  0
|  83|0x0000000785300000, 0x0000000785400000, 0x0000000785400000|100%| E|CS|TAMS 0x0000000785300000| PB 0x0000000785300000| Complete |  0
|  84|0x0000000785400000, 0x0000000785500000, 0x0000000785500000|100%| E|CS|TAMS 0x0000000785400000| PB 0x0000000785400000| Complete |  0
|  85|0x0000000785500000, 0x0000000785600000, 0x0000000785600000|100%| E|CS|TAMS 0x0000000785500000| PB 0x0000000785500000| Complete |  0
|  86|0x0000000785600000, 0x0000000785700000, 0x0000000785700000|100%| E|CS|TAMS 0x0000000785600000| PB 0x0000000785600000| Complete |  0
|  87|0x0000000785700000, 0x0000000785800000, 0x0000000785800000|100%| E|CS|TAMS 0x0000000785700000| PB 0x0000000785700000| Complete |  0
|  88|0x0000000785800000, 0x0000000785900000, 0x0000000785900000|100%| E|CS|TAMS 0x0000000785800000| PB 0x0000000785800000| Complete |  0
|  89|0x0000000785900000, 0x0000000785a00000, 0x0000000785a00000|100%| E|CS|TAMS 0x0000000785900000| PB 0x0000000785900000| Complete |  0
|  90|0x0000000785a00000, 0x0000000785b00000, 0x0000000785b00000|100%| E|CS|TAMS 0x0000000785a00000| PB 0x0000000785a00000| Complete |  0
|  91|0x0000000785b00000, 0x0000000785c00000, 0x0000000785c00000|100%| E|CS|TAMS 0x0000000785b00000| PB 0x0000000785b00000| Complete |  0
|  92|0x0000000785c00000, 0x0000000785d00000, 0x0000000785d00000|100%| E|CS|TAMS 0x0000000785c00000| PB 0x0000000785c00000| Complete |  0
|  93|0x0000000785d00000, 0x0000000785e00000, 0x0000000785e00000|100%| E|CS|TAMS 0x0000000785d00000| PB 0x0000000785d00000| Complete |  0
|  94|0x0000000785e00000, 0x0000000785f00000, 0x0000000785f00000|100%| E|CS|TAMS 0x0000000785e00000| PB 0x0000000785e00000| Complete |  0
|  95|0x0000000785f00000, 0x0000000786000000, 0x0000000786000000|100%| E|CS|TAMS 0x0000000785f00000| PB 0x0000000785f00000| Complete |  0
|  96|0x0000000786000000, 0x0000000786100000, 0x0000000786100000|100%| E|CS|TAMS 0x0000000786000000| PB 0x0000000786000000| Complete |  0
|  97|0x0000000786100000, 0x0000000786200000, 0x0000000786200000|100%| E|CS|TAMS 0x0000000786100000| PB 0x0000000786100000| Complete |  0
|  98|0x0000000786200000, 0x0000000786300000, 0x0000000786300000|100%| E|CS|TAMS 0x0000000786200000| PB 0x0000000786200000| Complete |  0
|  99|0x0000000786300000, 0x0000000786400000, 0x0000000786400000|100%| E|CS|TAMS 0x0000000786300000| PB 0x0000000786300000| Complete |  0
| 100|0x0000000786400000, 0x0000000786500000, 0x0000000786500000|100%| E|CS|TAMS 0x0000000786400000| PB 0x0000000786400000| Complete |  0
| 101|0x0000000786500000, 0x0000000786600000, 0x0000000786600000|100%| E|CS|TAMS 0x0000000786500000| PB 0x0000000786500000| Complete |  0
| 102|0x0000000786600000, 0x0000000786700000, 0x0000000786700000|100%| E|CS|TAMS 0x0000000786600000| PB 0x0000000786600000| Complete |  0
| 103|0x0000000786700000, 0x0000000786800000, 0x0000000786800000|100%| E|CS|TAMS 0x0000000786700000| PB 0x0000000786700000| Complete |  0
| 104|0x0000000786800000, 0x0000000786900000, 0x0000000786900000|100%| E|CS|TAMS 0x0000000786800000| PB 0x0000000786800000| Complete |  0
| 105|0x0000000786900000, 0x0000000786a00000, 0x0000000786a00000|100%| E|CS|TAMS 0x0000000786900000| PB 0x0000000786900000| Complete |  0
| 106|0x0000000786a00000, 0x0000000786b00000, 0x0000000786b00000|100%| E|CS|TAMS 0x0000000786a00000| PB 0x0000000786a00000| Complete |  0
| 107|0x0000000786b00000, 0x0000000786c00000, 0x0000000786c00000|100%| E|CS|TAMS 0x0000000786b00000| PB 0x0000000786b00000| Complete |  0
| 108|0x0000000786c00000, 0x0000000786d00000, 0x0000000786d00000|100%| E|CS|TAMS 0x0000000786c00000| PB 0x0000000786c00000| Complete |  0
| 109|0x0000000786d00000, 0x0000000786e00000, 0x0000000786e00000|100%| E|CS|TAMS 0x0000000786d00000| PB 0x0000000786d00000| Complete |  0
| 110|0x0000000786e00000, 0x0000000786f00000, 0x0000000786f00000|100%| E|CS|TAMS 0x0000000786e00000| PB 0x0000000786e00000| Complete |  0
| 111|0x0000000786f00000, 0x0000000787000000, 0x0000000787000000|100%| E|CS|TAMS 0x0000000786f00000| PB 0x0000000786f00000| Complete |  0
| 112|0x0000000787000000, 0x0000000787100000, 0x0000000787100000|100%| E|CS|TAMS 0x0000000787000000| PB 0x0000000787000000| Complete |  0
| 113|0x0000000787100000, 0x0000000787200000, 0x0000000787200000|100%| E|CS|TAMS 0x0000000787100000| PB 0x0000000787100000| Complete |  0
| 114|0x0000000787200000, 0x0000000787300000, 0x0000000787300000|100%| E|CS|TAMS 0x0000000787200000| PB 0x0000000787200000| Complete |  0
| 115|0x0000000787300000, 0x0000000787400000, 0x0000000787400000|100%| E|CS|TAMS 0x0000000787300000| PB 0x0000000787300000| Complete |  0
| 116|0x0000000787400000, 0x0000000787500000, 0x0000000787500000|100%| E|CS|TAMS 0x0000000787400000| PB 0x0000000787400000| Complete |  0
| 117|0x0000000787500000, 0x0000000787600000, 0x0000000787600000|100%| E|CS|TAMS 0x0000000787500000| PB 0x0000000787500000| Complete |  0
| 118|0x0000000787600000, 0x0000000787700000, 0x0000000787700000|100%| E|CS|TAMS 0x0000000787600000| PB 0x0000000787600000| Complete |  0
| 119|0x0000000787700000, 0x0000000787800000, 0x0000000787800000|100%| E|CS|TAMS 0x0000000787700000| PB 0x0000000787700000| Complete |  0
| 120|0x0000000787800000, 0x0000000787900000, 0x0000000787900000|100%| E|CS|TAMS 0x0000000787800000| PB 0x0000000787800000| Complete |  0
| 121|0x0000000787900000, 0x0000000787a00000, 0x0000000787a00000|100%| E|CS|TAMS 0x0000000787900000| PB 0x0000000787900000| Complete |  0
| 122|0x0000000787a00000, 0x0000000787b00000, 0x0000000787b00000|100%| E|CS|TAMS 0x0000000787a00000| PB 0x0000000787a00000| Complete |  0
| 123|0x0000000787b00000, 0x0000000787c00000, 0x0000000787c00000|100%| E|CS|TAMS 0x0000000787b00000| PB 0x0000000787b00000| Complete |  0
| 124|0x0000000787c00000, 0x0000000787d00000, 0x0000000787d00000|100%| E|CS|TAMS 0x0000000787c00000| PB 0x0000000787c00000| Complete |  0
| 125|0x0000000787d00000, 0x0000000787e00000, 0x0000000787e00000|100%| E|CS|TAMS 0x0000000787d00000| PB 0x0000000787d00000| Complete |  0
| 126|0x0000000787e00000, 0x0000000787f00000, 0x0000000787f00000|100%| E|CS|TAMS 0x0000000787e00000| PB 0x0000000787e00000| Complete |  0
| 127|0x0000000787f00000, 0x0000000788000000, 0x0000000788000000|100%| E|CS|TAMS 0x0000000787f00000| PB 0x0000000787f00000| Complete |  0
|2046|0x00000007ffe00000, 0x00000007fff00000, 0x00000007fff00000|100%| O|  |TAMS 0x00000007ffe00000| PB 0x00000007ffe00000| Untracked |  0
|2047|0x00000007fff00000, 0x00000007fff1cff8, 0x0000000800000000| 11%| O|  |TAMS 0x00000007fff00000| PB 0x00000007fff00000| Untracked |  0

Card table byte_map: [0x000000010baea000,0x000000010beea000] _byte_map_base: 0x0000000107eea000

Marking Bits: (CMBitMap*) 0x00007fb8bd81b610
 Bits: [0x00000001225e2000, 0x00000001245e2000)

Polling page: 0x0000000102c81000

Metaspace:

Usage:
  Non-class:      8.55 MB used.
      Class:      1.06 MB used.
       Both:      9.62 MB used.

Virtual space:
  Non-class space:       64.00 MB reserved,       8.69 MB ( 14%) committed,  1 nodes.
      Class space:        1.00 GB reserved,       1.19 MB ( <1%) committed,  1 nodes.
             Both:        1.06 GB reserved,       9.88 MB ( <1%) committed. 

Chunk freelists:
   Non-Class:  6.98 MB
       Class:  14.74 MB
        Both:  21.73 MB

MaxMetaspaceSize: unlimited
CompressedClassSpaceSize: 1.00 GB
Initial GC threshold: 21.00 MB
Current GC threshold: 21.00 MB
CDS: on
 - commit_granule_bytes: 65536.
 - commit_granule_words: 8192.
 - virtual_space_node_default_size: 8388608.
 - enlarge_chunks_in_place: 1.
 - use_allocation_guard: 0.


Internal statistics:

num_allocs_failed_limit: 0.
num_arena_births: 184.
num_arena_deaths: 0.
num_vsnodes_births: 2.
num_vsnodes_deaths: 0.
num_space_committed: 158.
num_space_uncommitted: 0.
num_chunks_returned_to_freelist: 0.
num_chunks_taken_from_freelist: 236.
num_chunk_merges: 0.
num_chunk_splits: 148.
num_chunks_enlarged: 73.
num_inconsistent_stats: 0.

CodeHeap 'non-profiled nmethods': size=120032Kb used=1278Kb max_used=1278Kb free=118753Kb
 bounds [0x000000011b0aa000, 0x000000011b31a000, 0x00000001225e2000]
CodeHeap 'profiled nmethods': size=120028Kb used=2966Kb max_used=2966Kb free=117061Kb
 bounds [0x00000001135e2000, 0x00000001138d2000, 0x000000011ab19000]
CodeHeap 'non-nmethods': size=5700Kb used=1602Kb max_used=1644Kb free=4097Kb
 bounds [0x000000011ab19000, 0x000000011ad89000, 0x000000011b0aa000]
CodeCache: size=245760Kb, used=5846Kb, max_used=5888Kb, free=239911Kb
 total_blobs=2943, nmethods=2250, adapters=600, full_count=0
Compilation: enabled, stopped_count=0, restarted_count=0

Compilation events (20 events):
Event: 1315.315 Thread 0x00007fb8cf00ce00 2241 %     4       java.awt.EventDispatchThread::pumpEventsForFilter @ 10 (47 bytes)
Event: 1315.327 Thread 0x00007fb8cf00ce00 nmethod 2241% 0x000000011b1e0a08 code [0x000000011b1e0b20, 0x000000011b1e0cc8]
Event: 1829.997 Thread 0x00007fb8cf00ce00 2242 % !   4       javax.swing.TimerQueue::run @ 9 (202 bytes)
Event: 1830.040 Thread 0x00007fb8cf00ce00 nmethod 2242% 0x000000011b1e0d08 code [0x000000011b1e1000, 0x000000011b1e23e0]
Event: 2115.469 Thread 0x00007fb8cf00d600 2243 % !   3       sun.awt.image.GifImageDecoder::produceImage @ 250 (604 bytes)
Event: 2115.480 Thread 0x00007fb8cf00d600 nmethod 2243% 0x00000001138b6b08 code [0x00000001138b7020, 0x00000001138bb7c0]
Event: 2151.352 Thread 0x00007fb8cf00d600 2244 % !   3       sun.awt.image.GifImageDecoder::produceImage @ 22 (604 bytes)
Event: 2151.361 Thread 0x00007fb8cf00d600 nmethod 2244% 0x00000001138bb808 code [0x00000001138bbd20, 0x00000001138c0408]
Event: 2187.073 Thread 0x00007fb8cf00d600 2245   !   3       sun.awt.image.GifImageDecoder::produceImage (604 bytes)
Event: 2187.081 Thread 0x00007fb8cf00d600 nmethod 2245 0x00000001138c0488 code [0x00000001138c0980, 0x00000001138c4cc8]
Event: 2257.126 Thread 0x00007fb8cf00ce00 2246       4       java.lang.String::<init> (10 bytes)
Event: 2257.138 Thread 0x00007fb8cf00ce00 nmethod 2246 0x000000011b1e2708 code [0x000000011b1e2820, 0x000000011b1e2ab8]
Event: 3224.806 Thread 0x00007fb8cf00d600 2247 %s!   3       sun.java2d.metal.MTLRenderQueue$QueueFlusher::run @ 2 (234 bytes)
Event: 3224.820 Thread 0x00007fb8cf00d600 nmethod 2247% 0x00000001138c4d08 code [0x00000001138c50c0, 0x00000001138c7218]
Event: 3337.787 Thread 0x00007fb8cf00ce00 2248 %s!   4       sun.java2d.metal.MTLRenderQueue$QueueFlusher::run @ 2 (234 bytes)
Event: 3337.825 Thread 0x00007fb8cf00ce00 nmethod 2248% 0x000000011b1e2b08 code [0x000000011b1e2d20, 0x000000011b1e3c10]
Event: 3564.523 Thread 0x00007fb8cf00ce00 2249 % !   4       sun.awt.image.GifImageDecoder::produceImage @ 22 (604 bytes)
Event: 3564.610 Thread 0x00007fb8cf00ce00 nmethod 2249% 0x000000011b1e3d88 code [0x000000011b1e42a0, 0x000000011b1e98f0]
Event: 3600.373 Thread 0x00007fb8cf00d600 2250       3       java.lang.ref.ReferenceQueue::poll0 (65 bytes)
Event: 3600.379 Thread 0x00007fb8cf00d600 nmethod 2250 0x00000001138c7308 code [0x00000001138c7460, 0x00000001138c7940]

GC Heap History (20 events):
Event: 3079.394 GC heap before
{Heap before GC invocations=23 (full 0):
 garbage-first heap   total reserved 2097152K, committed 133120K, used 85412K [0x0000000780000000, 0x0000000800000000)
  region size 1024K, 76 young (77824K), 1 survivors (1024K)
 Metaspace       used 9846K, committed 10112K, reserved 1114112K
  class space    used 1088K, committed 1216K, reserved 1048576K
}
Event: 3079.398 GC heap after
{Heap after GC invocations=24 (full 0):
 garbage-first heap   total reserved 2097152K, committed 133120K, used 8609K [0x0000000780000000, 0x0000000800000000)
  region size 1024K, 1 young (1024K), 1 survivors (1024K)
 Metaspace       used 9846K, committed 10112K, reserved 1114112K
  class space    used 1088K, committed 1216K, reserved 1048576K
}
Event: 3230.081 GC heap before
{Heap before GC invocations=24 (full 0):
 garbage-first heap   total reserved 2097152K, committed 133120K, used 85409K [0x0000000780000000, 0x0000000800000000)
  region size 1024K, 76 young (77824K), 1 survivors (1024K)
 Metaspace       used 9846K, committed 10112K, reserved 1114112K
  class space    used 1088K, committed 1216K, reserved 1048576K
}
Event: 3230.100 GC heap after
{Heap after GC invocations=25 (full 0):
 garbage-first heap   total reserved 2097152K, committed 133120K, used 8616K [0x0000000780000000, 0x0000000800000000)
  region size 1024K, 1 young (1024K), 1 survivors (1024K)
 Metaspace       used 9846K, committed 10112K, reserved 1114112K
  class space    used 1088K, committed 1216K, reserved 1048576K
}
Event: 3382.177 GC heap before
{Heap before GC invocations=25 (full 0):
 garbage-first heap   total reserved 2097152K, committed 133120K, used 85416K [0x0000000780000000, 0x0000000800000000)
  region size 1024K, 76 young (77824K), 1 survivors (1024K)
 Metaspace       used 9846K, committed 10112K, reserved 1114112K
  class space    used 1088K, committed 1216K, reserved 1048576K
}
Event: 3382.187 GC heap after
{Heap after GC invocations=26 (full 0):
 garbage-first heap   total reserved 2097152K, committed 133120K, used 8616K [0x0000000780000000, 0x0000000800000000)
  region size 1024K, 1 young (1024K), 1 survivors (1024K)
 Metaspace       used 9846K, committed 10112K, reserved 1114112K
  class space    used 1088K, committed 1216K, reserved 1048576K
}
Event: 3532.625 GC heap before
{Heap before GC invocations=26 (full 0):
 garbage-first heap   total reserved 2097152K, committed 133120K, used 85416K [0x0000000780000000, 0x0000000800000000)
  region size 1024K, 76 young (77824K), 1 survivors (1024K)
 Metaspace       used 9846K, committed 10112K, reserved 1114112K
  class space    used 1088K, committed 1216K, reserved 1048576K
}
Event: 3532.629 GC heap after
{Heap after GC invocations=27 (full 0):
 garbage-first heap   total reserved 2097152K, committed 133120K, used 8612K [0x0000000780000000, 0x0000000800000000)
  region size 1024K, 1 young (1024K), 1 survivors (1024K)
 Metaspace       used 9846K, committed 10112K, reserved 1114112K
  class space    used 1088K, committed 1216K, reserved 1048576K
}
Event: 3684.071 GC heap before
{Heap before GC invocations=27 (full 0):
 garbage-first heap   total reserved 2097152K, committed 133120K, used 85412K [0x0000000780000000, 0x0000000800000000)
  region size 1024K, 76 young (77824K), 1 survivors (1024K)
 Metaspace       used 9846K, committed 10112K, reserved 1114112K
  class space    used 1088K, committed 1216K, reserved 1048576K
}
Event: 3684.076 GC heap after
{Heap after GC invocations=28 (full 0):
 garbage-first heap   total reserved 2097152K, committed 133120K, used 8614K [0x0000000780000000, 0x0000000800000000)
  region size 1024K, 1 young (1024K), 1 survivors (1024K)
 Metaspace       used 9846K, committed 10112K, reserved 1114112K
  class space    used 1088K, committed 1216K, reserved 1048576K
}
Event: 3835.776 GC heap before
{Heap before GC invocations=28 (full 0):
 garbage-first heap   total reserved 2097152K, committed 133120K, used 85414K [0x0000000780000000, 0x0000000800000000)
  region size 1024K, 76 young (77824K), 1 survivors (1024K)
 Metaspace       used 9846K, committed 10112K, reserved 1114112K
  class space    used 1088K, committed 1216K, reserved 1048576K
}
Event: 3835.784 GC heap after
{Heap after GC invocations=29 (full 0):
 garbage-first heap   total reserved 2097152K, committed 133120K, used 8611K [0x0000000780000000, 0x0000000800000000)
  region size 1024K, 1 young (1024K), 1 survivors (1024K)
 Metaspace       used 9846K, committed 10112K, reserved 1114112K
  class space    used 1088K, committed 1216K, reserved 1048576K
}
Event: 3988.710 GC heap before
{Heap before GC invocations=29 (full 0):
 garbage-first heap   total reserved 2097152K, committed 133120K, used 85411K [0x0000000780000000, 0x0000000800000000)
  region size 1024K, 76 young (77824K), 1 survivors (1024K)
 Metaspace       used 9846K, committed 10112K, reserved 1114112K
  class space    used 1088K, committed 1216K, reserved 1048576K
}
Event: 3988.717 GC heap after
{Heap after GC invocations=30 (full 0):
 garbage-first heap   total reserved 2097152K, committed 133120K, used 8612K [0x0000000780000000, 0x0000000800000000)
  region size 1024K, 1 young (1024K), 1 survivors (1024K)
 Metaspace       used 9846K, committed 10112K, reserved 1114112K
  class space    used 1088K, committed 1216K, reserved 1048576K
}
Event: 4142.411 GC heap before
{Heap before GC invocations=30 (full 0):
 garbage-first heap   total reserved 2097152K, committed 133120K, used 85412K [0x0000000780000000, 0x0000000800000000)
  region size 1024K, 76 young (77824K), 1 survivors (1024K)
 Metaspace       used 9846K, committed 10112K, reserved 1114112K
  class space    used 1088K, committed 1216K, reserved 1048576K
}
Event: 4142.418 GC heap after
{Heap after GC invocations=31 (full 0):
 garbage-first heap   total reserved 2097152K, committed 133120K, used 8613K [0x0000000780000000, 0x0000000800000000)
  region size 1024K, 1 young (1024K), 1 survivors (1024K)
 Metaspace       used 9846K, committed 10112K, reserved 1114112K
  class space    used 1088K, committed 1216K, reserved 1048576K
}
Event: 4296.753 GC heap before
{Heap before GC invocations=31 (full 0):
 garbage-first heap   total reserved 2097152K, committed 133120K, used 85413K [0x0000000780000000, 0x0000000800000000)
  region size 1024K, 76 young (77824K), 1 survivors (1024K)
 Metaspace       used 9846K, committed 10112K, reserved 1114112K
  class space    used 1088K, committed 1216K, reserved 1048576K
}
Event: 4296.758 GC heap after
{Heap after GC invocations=32 (full 0):
 garbage-first heap   total reserved 2097152K, committed 133120K, used 8610K [0x0000000780000000, 0x0000000800000000)
  region size 1024K, 1 young (1024K), 1 survivors (1024K)
 Metaspace       used 9846K, committed 10112K, reserved 1114112K
  class space    used 1088K, committed 1216K, reserved 1048576K
}
Event: 4450.153 GC heap before
{Heap before GC invocations=32 (full 0):
 garbage-first heap   total reserved 2097152K, committed 133120K, used 85410K [0x0000000780000000, 0x0000000800000000)
  region size 1024K, 76 young (77824K), 1 survivors (1024K)
 Metaspace       used 9846K, committed 10112K, reserved 1114112K
  class space    used 1088K, committed 1216K, reserved 1048576K
}
Event: 4450.160 GC heap after
{Heap after GC invocations=33 (full 0):
 garbage-first heap   total reserved 2097152K, committed 133120K, used 8612K [0x0000000780000000, 0x0000000800000000)
  region size 1024K, 1 young (1024K), 1 survivors (1024K)
 Metaspace       used 9846K, committed 10112K, reserved 1114112K
  class space    used 1088K, committed 1216K, reserved 1048576K
}

Dll operation events (8 events):
Event: 0.006 Loaded shared library /Users/mackenzieraue/.p2/pool/plugins/org.eclipse.justj.openjdk.hotspot.jre.full.macosx.x86_64_23.0.1.v20241024-1700/jre/lib/libjava.dylib
Event: 0.046 Loaded shared library /Users/mackenzieraue/.p2/pool/plugins/org.eclipse.justj.openjdk.hotspot.jre.full.macosx.x86_64_23.0.1.v20241024-1700/jre/lib/libzip.dylib
Event: 0.081 Loaded shared library /Users/mackenzieraue/.p2/pool/plugins/org.eclipse.justj.openjdk.hotspot.jre.full.macosx.x86_64_23.0.1.v20241024-1700/jre/lib/libnio.dylib
Event: 0.082 Loaded shared library /Users/mackenzieraue/.p2/pool/plugins/org.eclipse.justj.openjdk.hotspot.jre.full.macosx.x86_64_23.0.1.v20241024-1700/jre/lib/libjimage.dylib
Event: 0.117 Loaded shared library /Users/mackenzieraue/.p2/pool/plugins/org.eclipse.justj.openjdk.hotspot.jre.full.macosx.x86_64_23.0.1.v20241024-1700/jre/lib/libawt.dylib
Event: 0.122 Loaded shared library /Users/mackenzieraue/.p2/pool/plugins/org.eclipse.justj.openjdk.hotspot.jre.full.macosx.x86_64_23.0.1.v20241024-1700/jre/lib/libawt_lwawt.dylib
Event: 0.166 Loaded shared library /Users/mackenzieraue/.p2/pool/plugins/org.eclipse.justj.openjdk.hotspot.jre.full.macosx.x86_64_23.0.1.v20241024-1700/jre/lib/libfontmanager.dylib
Event: 0.394 Loaded shared library /Users/mackenzieraue/.p2/pool/plugins/org.eclipse.justj.openjdk.hotspot.jre.full.macosx.x86_64_23.0.1.v20241024-1700/jre/lib/libosxui.dylib

Deoptimization events (20 events):
Event: 728.317 Thread 0x00007fb8cdcc1000 DEOPT PACKING pc=0x000000011b1d03f0 sp=0x000000030b8a19c0
Event: 728.317 Thread 0x00007fb8cdcc1000 DEOPT UNPACKING pc=0x000000011ab6cc73 sp=0x000000030b8a19a0 mode 2
Event: 786.820 Thread 0x00007fb8ce860800 Uncommon trap: trap_request=0xffffff45 fr.pc=0x000000011b1d7b34 relative=0x0000000000000594
Event: 786.820 Thread 0x00007fb8ce860800 Uncommon trap: reason=unstable_if action=reinterpret pc=0x000000011b1d7b34 method=sun.java2d.metal.MTLRenderQueue$QueueFlusher.run()V @ 22 c2
Event: 786.821 Thread 0x00007fb8ce860800 DEOPT PACKING pc=0x000000011b1d7b34 sp=0x000000030b618a40
Event: 786.821 Thread 0x00007fb8ce860800 DEOPT UNPACKING pc=0x000000011ab6cc73 sp=0x000000030b6189f8 mode 2
Event: 913.284 Thread 0x00007fb8ce860800 DEOPT PACKING pc=0x00000001138b3e85 sp=0x000000030b618990
Event: 913.285 Thread 0x00007fb8ce860800 DEOPT UNPACKING pc=0x000000011ab6d3f0 sp=0x000000030b617ef0 mode 0
Event: 1425.224 Thread 0x00007fb8cf0a2200 DEOPT PACKING pc=0x00000001138b156e sp=0x000000030b515900
Event: 1425.224 Thread 0x00007fb8cf0a2200 DEOPT UNPACKING pc=0x000000011ab6d3f0 sp=0x000000030b514e28 mode 0
Event: 1977.126 Thread 0x00007fb8cdcc1000 DEOPT PACKING pc=0x00000001138b54b3 sp=0x000000030b8a19c0
Event: 1977.126 Thread 0x00007fb8cdcc1000 DEOPT UNPACKING pc=0x000000011ab6d3f0 sp=0x000000030b8a0ef0 mode 0
Event: 3222.486 Thread 0x00007fb8ce860800 Uncommon trap: trap_request=0xffffff45 fr.pc=0x000000011b1e0358 relative=0x0000000000000758
Event: 3222.487 Thread 0x00007fb8ce860800 Uncommon trap: reason=unstable_if action=reinterpret pc=0x000000011b1e0358 method=sun.java2d.metal.MTLRenderQueue$QueueFlusher.run()V @ 101 c2
Event: 3222.489 Thread 0x00007fb8ce860800 DEOPT PACKING pc=0x000000011b1e0358 sp=0x000000030b618a40
Event: 3222.489 Thread 0x00007fb8ce860800 DEOPT UNPACKING pc=0x000000011ab6cc73 sp=0x000000030b6189f8 mode 2
Event: 3357.497 Thread 0x00007fb8ce860800 DEOPT PACKING pc=0x00000001138c6e64 sp=0x000000030b618990
Event: 3357.497 Thread 0x00007fb8ce860800 DEOPT UNPACKING pc=0x000000011ab6d3f0 sp=0x000000030b617ef0 mode 0
Event: 3861.372 Thread 0x00007fb8a9075800 DEOPT PACKING pc=0x00000001138bfb2b sp=0x000000030bbaa890
Event: 3861.373 Thread 0x00007fb8a9075800 DEOPT UNPACKING pc=0x000000011ab6d3f0 sp=0x000000030bba9de0 mode 0

Classes loaded (20 events):
Event: 3.220 Loading class sun/java2d/marlin/Helpers
Event: 3.220 Loading class sun/java2d/marlin/Helpers done
Event: 3.244 Loading class javax/swing/Timer$1
Event: 3.244 Loading class javax/swing/Timer$1 done
Event: 3.514 Loading class java/lang/FdLibm$Atan
Event: 3.515 Loading class java/lang/FdLibm$Atan done
Event: 8.740 Loading class java/awt/LightweightDispatcher$2
Event: 8.740 Loading class java/awt/LightweightDispatcher$2 done
Event: 13.856 Loading class java/security/DomainCombiner
Event: 13.857 Loading class java/security/DomainCombiner done
Event: 17.594 Loading class javax/swing/JInternalFrame
Event: 17.595 Loading class javax/swing/JInternalFrame done
Event: 17.596 Loading class javax/swing/JMenu
Event: 17.596 Loading class javax/swing/MenuElement
Event: 17.597 Loading class javax/swing/MenuElement done
Event: 17.597 Loading class javax/swing/JMenuItem
Event: 17.597 Loading class javax/swing/JMenuItem done
Event: 17.597 Loading class javax/swing/JMenu done
Event: 28.842 Loading class java/awt/image/BufferedImageOp
Event: 28.842 Loading class java/awt/image/BufferedImageOp done

Classes unloaded (0 events):
No events

Classes redefined (0 events):
No events

Internal exceptions (20 events):
Event: 0.389 Thread 0x00007fb8cf0a2200 Exception <a 'java/lang/NoSuchMethodError'{0x0000000787d51a80}: 'void java.lang.invoke.DirectMethodHandle$Holder.invokeSpecial(java.lang.Object, java.lang.Object, java.lang.Object)'> (0x0000000787d51a80) 
thrown [src/hotspot/share/interpreter/linkResolver.cpp, line 796]
Event: 0.397 Thread 0x00007fb8cf0a2200 Exception <a 'java/lang/NoSuchMethodError'{0x0000000787d682f0}: 'void java.lang.invoke.DirectMethodHandle$Holder.invokeStaticInit(java.lang.Object)'> (0x0000000787d682f0) 
thrown [src/hotspot/share/interpreter/linkResolver.cpp, line 796]
Event: 0.420 Thread 0x00007fb8cf0a2200 Exception <a 'java/lang/NoSuchMethodError'{0x0000000787c3a2d8}: 'java.lang.Object java.lang.invoke.DirectMethodHandle$Holder.invokeStatic(java.lang.Object, int, java.lang.Object)'> (0x0000000787c3a2d8) 
thrown [src/hotspot/share/interpreter/linkResolver.cpp, line 796]
Event: 0.425 Thread 0x00007fb8cf0a2200 Exception <a 'java/lang/ClassNotFoundException'{0x0000000787c675d8}: com/apple/laf/resources/spi/aquaProvider> (0x0000000787c675d8) 
thrown [src/hotspot/share/classfile/systemDictionary.cpp, line 313]
Event: 0.448 Thread 0x00007fb8cf0a2200 Exception <a 'java/lang/ClassNotFoundException'{0x0000000787cccdf8}: com/sun/swing/internal/plaf/basic/resources/spi/basicProvider> (0x0000000787cccdf8) 
thrown [src/hotspot/share/classfile/systemDictionary.cpp, line 313]
Event: 0.462 Thread 0x00007fb8cf0a2200 Exception <a 'java/lang/NoSuchMethodError'{0x0000000787cedd08}: 'int java.lang.invoke.Invokers$Holder.invokeExact_MT(java.lang.Object, java.lang.Object)'> (0x0000000787cedd08) 
thrown [src/hotspot/share/interpreter/linkResolver.cpp, line 796]
Event: 0.526 Thread 0x00007fb8cf0a2200 Exception <a 'java/lang/NoSuchMethodError'{0x0000000787bde890}: 'void java.lang.invoke.Invokers$Holder.invokeExact_MT(java.lang.Object, java.lang.Object, java.lang.Object, java.lang.Object)'> (0x0000000787bde890) 
thrown [src/hotspot/share/interpreter/linkResolver.cpp, line 796]
Event: 0.530 Thread 0x00007fb8cf0a2200 Exception <a 'java/lang/NoSuchMethodError'{0x0000000787bea7e8}: 'java.lang.Object java.lang.invoke.DirectMethodHandle$Holder.newInvokeSpecial(java.lang.Object, java.lang.Object, java.lang.Object, int, java.lang.Object)'> (0x0000000787bea7e8) 
thrown [src/hotspot/share/interpreter/linkResolver.cpp, line 796]
Event: 0.530 Thread 0x00007fb8cf0a2200 Exception <a 'java/lang/NoSuchMethodError'{0x0000000787bf1fb0}: 'java.lang.Object java.lang.invoke.Invokers$Holder.linkToTargetMethod(java.lang.Object, java.lang.Object, int, java.lang.Object, java.lang.Object)'> (0x0000000787bf1fb0) 
thrown [src/hotspot/share/interpreter/linkResolver.cpp, line 796]
Event: 0.543 Thread 0x00007fb8cf0a2200 Exception <a 'java/lang/NoSuchMethodError'{0x0000000787bf66c8}: 'void java.lang.invoke.DirectMethodHandle$Holder.invokeStatic(java.lang.Object, int, long)'> (0x0000000787bf66c8) 
thrown [src/hotspot/share/interpreter/linkResolver.cpp, line 796]
Event: 0.548 Thread 0x00007fb8cf0a2200 Exception <a 'java/lang/NoSuchMethodError'{0x0000000787a0f710}: 'java.lang.Object java.lang.invoke.Invokers$Holder.linkToTargetMethod(int, int, int, int, java.lang.Object)'> (0x0000000787a0f710) 
thrown [src/hotspot/share/interpreter/linkResolver.cpp, line 796]
Event: 0.549 Thread 0x00007fb8cf0a2200 Exception <a 'java/lang/NoSuchMethodError'{0x0000000787a13250}: 'void java.lang.invoke.DirectMethodHandle$Holder.invokeStatic(java.lang.Object, java.lang.Object, long)'> (0x0000000787a13250) 
thrown [src/hotspot/share/interpreter/linkResolver.cpp, line 796]
Event: 0.561 Thread 0x00007fb8cf00e600 Exception <a 'java/lang/NoSuchMethodError'{0x0000000787a962d8}: 'void java.lang.invoke.DirectMethodHandle$Holder.invokeSpecial(java.lang.Object, java.lang.Object, long)'> (0x0000000787a962d8) 
thrown [src/hotspot/share/interpreter/linkResolver.cpp, line 796]
Event: 0.591 Thread 0x00007fb8cf00e600 Exception <a 'java/lang/NoSuchMethodError'{0x0000000787aa3458}: 'void java.lang.invoke.DirectMethodHandle$Holder.invokeStatic(java.lang.Object, long)'> (0x0000000787aa3458) 
thrown [src/hotspot/share/interpreter/linkResolver.cpp, line 796]
Event: 1.205 Thread 0x00007fb8cf0a2200 Exception <a 'java/lang/NoSuchMethodError'{0x000000078799f5c0}: 'void java.lang.invoke.DirectMethodHandle$Holder.invokeStatic(java.lang.Object, long, long)'> (0x000000078799f5c0) 
thrown [src/hotspot/share/interpreter/linkResolver.cpp, line 796]
Event: 1.206 Thread 0x00007fb8cf0a2200 Exception <a 'java/lang/NoSuchMethodError'{0x00000007879a4700}: 'java.lang.Object java.lang.invoke.DirectMethodHandle$Holder.newInvokeSpecial(java.lang.Object, long)'> (0x00000007879a4700) 
thrown [src/hotspot/share/interpreter/linkResolver.cpp, line 796]
Event: 1.207 Thread 0x00007fb8cf0a2200 Exception <a 'java/lang/NoSuchMethodError'{0x00000007879addd0}: 'java.lang.Object java.lang.invoke.DirectMethodHandle$Holder.newInvokeSpecial(java.lang.Object, java.lang.Object, int)'> (0x00000007879addd0) 
thrown [src/hotspot/share/interpreter/linkResolver.cpp, line 796]
Event: 3.205 Thread 0x00007fb8a9075000 Exception <a 'java/lang/NoSuchMethodError'{0x0000000787605800}: 'java.lang.Object java.lang.invoke.DirectMethodHandle$Holder.newInvokeSpecial(java.lang.Object, java.lang.Object, java.lang.Object, int, int, int, int, int)'> (0x0000000787605800) 
thrown [src/hotspot/share/interpreter/linkResolver.cpp, line 796]
Event: 3.213 Thread 0x00007fb8a9075000 Exception <a 'java/lang/InterruptedException'{0x00000007876129e8}: sleep interrupted> (0x00000007876129e8) 
thrown [src/hotspot/share/prims/jvm.cpp, line 3071]
Event: 54.953 Thread 0x00007fb8cf0a2200 Implicit null exception at 0x000000011b146f6c to 0x000000011b148b00

VM Operations (20 events):
Event: 4296.753 Executing VM operation: G1CollectForAllocation (G1 Evacuation Pause)
Event: 4296.758 Executing VM operation: G1CollectForAllocation (G1 Evacuation Pause) done
Event: 4328.118 Executing VM operation: HandshakeAllThreads (HandshakeForDeflation)
Event: 4328.118 Executing VM operation: HandshakeAllThreads (HandshakeForDeflation) done
Event: 4328.118 Executing VM operation: RendezvousGCThreads
Event: 4328.118 Executing VM operation: RendezvousGCThreads done
Event: 4388.309 Executing VM operation: HandshakeAllThreads (HandshakeForDeflation)
Event: 4388.309 Executing VM operation: HandshakeAllThreads (HandshakeForDeflation) done
Event: 4388.309 Executing VM operation: RendezvousGCThreads
Event: 4388.309 Executing VM operation: RendezvousGCThreads done
Event: 4448.502 Executing VM operation: HandshakeAllThreads (HandshakeForDeflation)
Event: 4448.502 Executing VM operation: HandshakeAllThreads (HandshakeForDeflation) done
Event: 4448.502 Executing VM operation: RendezvousGCThreads
Event: 4448.502 Executing VM operation: RendezvousGCThreads done
Event: 4450.152 Executing VM operation: G1CollectForAllocation (G1 Evacuation Pause)
Event: 4450.160 Executing VM operation: G1CollectForAllocation (G1 Evacuation Pause) done
Event: 4508.577 Executing VM operation: HandshakeAllThreads (HandshakeForDeflation)
Event: 4508.577 Executing VM operation: HandshakeAllThreads (HandshakeForDeflation) done
Event: 4508.577 Executing VM operation: RendezvousGCThreads
Event: 4508.577 Executing VM operation: RendezvousGCThreads done

Memory protections (20 events):
Event: 0.035 Protecting memory [0x000000030acdd000,0x000000030ace1000] with protection modes 0
Event: 0.044 Protecting memory [0x000000030ade0000,0x000000030ade4000] with protection modes 0
Event: 0.050 Protecting memory [0x000000030aee3000,0x000000030aee7000] with protection modes 0
Event: 0.172 Protecting memory [0x000000030951f000,0x0000000309523000] with protection modes 0
Event: 0.207 Protecting memory [0x000000030b06f000,0x000000030b073000] with protection modes 0
Event: 0.344 Protecting memory [0x000000030b416000,0x000000030b41a000] with protection modes 0
Event: 0.344 Protecting memory [0x0000000309da2000,0x0000000309da6000] with protection modes 3
Event: 0.345 Protecting memory [0x0000000309da2000,0x0000000309da6000] with protection modes 0
Event: 0.364 Protecting memory [0x000000030b519000,0x000000030b51d000] with protection modes 0
Event: 0.370 Protecting memory [0x000000030b61c000,0x000000030b620000] with protection modes 0
Event: 1.251 Protecting memory [0x000000030b7a2000,0x000000030b7a6000] with protection modes 0
Event: 3.191 Protecting memory [0x000000030b8a5000,0x000000030b8a9000] with protection modes 0
Event: 3.201 Protecting memory [0x000000030b9a8000,0x000000030b9ac000] with protection modes 0
Event: 3.211 Protecting memory [0x000000030baab000,0x000000030baaf000] with protection modes 0
Event: 4.119 Protecting memory [0x000000030b8a5000,0x000000030b8a9000] with protection modes 3
Event: 8.218 Protecting memory [0x000000030b9a8000,0x000000030b9ac000] with protection modes 3
Event: 9.543 Protecting memory [0x000000030b8a5000,0x000000030b8a9000] with protection modes 0
Event: 10.139 Protecting memory [0x000000030b8a5000,0x000000030b8a9000] with protection modes 3
Event: 14.074 Protecting memory [0x000000030b8a5000,0x000000030b8a9000] with protection modes 0
Event: 16.027 Protecting memory [0x000000030b8a5000,0x000000030b8a9000] with protection modes 3

Nmethod flushes (0 events):
No events

Events (20 events):
Event: 0.035 Thread 0x00007fb8cd80a400 Thread added: 0x00007fb8cf00d600
Event: 0.044 Thread 0x00007fb8cd80a400 Thread added: 0x00007fb8cf00de00
Event: 0.050 Thread 0x00007fb8cd80a400 Thread added: 0x00007fb8cd812200
Event: 0.172 Thread 0x00007fb8cf00e600 Thread added: 0x00007fb8cf00e600
Event: 0.207 Thread 0x00007fb8cf00e600 Thread added: 0x00007fb8ce80fa00
Event: 0.344 Thread 0x00007fb8cd80a400 Thread added: 0x00007fb8cf0a2200
Event: 0.344 Thread 0x00007fb8cd80a400 Thread exited: 0x00007fb8cd80a400
Event: 0.345 Thread 0x00007fb8cf095c00 Thread added: 0x00007fb8cf095c00
Event: 0.364 Thread 0x00007fb8cf0a2200 Thread added: 0x00007fb8ce860800
Event: 0.370 Thread 0x00007fb8cf0a2200 Thread added: 0x00007fb8cd9c8800
Event: 1.251 Thread 0x00007fb8cf0a2200 Thread added: 0x00007fb8cdcc1000
Event: 3.191 Thread 0x00007fb8cf0a2200 Thread added: 0x00007fb8a9074800
Event: 3.201 Thread 0x00007fb8cf0a2200 Thread added: 0x00007fb8a9075000
Event: 3.211 Thread 0x00007fb8cf0a2200 Thread added: 0x00007fb8a9075800
Event: 4.119 Thread 0x00007fb8a9074800 Thread exited: 0x00007fb8a9074800
Event: 8.219 Thread 0x00007fb8a9075000 Thread exited: 0x00007fb8a9075000
Event: 9.543 Thread 0x00007fb8cf0a2200 Thread added: 0x00007fb8ce97da00
Event: 10.140 Thread 0x00007fb8ce97da00 Thread exited: 0x00007fb8ce97da00
Event: 14.074 Thread 0x00007fb8cf0a2200 Thread added: 0x00007fb8ce9a6c00
Event: 16.027 Thread 0x00007fb8ce9a6c00 Thread exited: 0x00007fb8ce9a6c00


Dynamic libraries:
0x000000010b641000 	/Users/mackenzieraue/.p2/pool/plugins/org.eclipse.justj.openjdk.hotspot.jre.full.macosx.x86_64_23.0.1.v20241024-1700/jre/lib/libjli.dylib
0x00007ff823b9c000 	/System/Library/Frameworks/ApplicationServices.framework/Versions/A/ApplicationServices
0x00007ff810519000 	/System/Library/Frameworks/CoreGraphics.framework/Versions/A/CoreGraphics
0x00007ff80ccb8000 	/System/Library/Frameworks/CoreText.framework/Versions/A/CoreText
0x00007ff815d0e000 	/System/Library/Frameworks/ImageIO.framework/Versions/A/ImageIO
0x00007ff810daf000 	/System/Library/Frameworks/ColorSync.framework/Versions/A/ColorSync
0x00007ff81c062000 	/System/Library/Frameworks/ApplicationServices.framework/Versions/A/Frameworks/ATS.framework/Versions/A/ATS
0x00007ff81fea2000 	/System/Library/Frameworks/CoreServices.framework/Versions/A/CoreServices
0x00007ff810f5b000 	/System/Library/Frameworks/ApplicationServices.framework/Versions/A/Frameworks/HIServices.framework/Versions/A/HIServices
0x00007ff81ad5c000 	/System/Library/Frameworks/ApplicationServices.framework/Versions/A/Frameworks/PrintCore.framework/Versions/A/PrintCore
0x00007ff81c438000 	/System/Library/Frameworks/ApplicationServices.framework/Versions/A/Frameworks/QD.framework/Versions/A/QD
0x00007ff81c431000 	/System/Library/Frameworks/ApplicationServices.framework/Versions/A/Frameworks/ColorSyncLegacy.framework/Versions/A/ColorSyncLegacy
0x00007ff81c038000 	/System/Library/Frameworks/ApplicationServices.framework/Versions/A/Frameworks/SpeechSynthesis.framework/Versions/A/SpeechSynthesis
0x00007ff8183b4000 	/usr/lib/libSystem.B.dylib
0x00007ff8100b6000 	/System/Library/PrivateFrameworks/SkyLight.framework/Versions/A/SkyLight
0x00007ff8183b9000 	/System/Library/PrivateFrameworks/SoftLinking.framework/Versions/A/SoftLinking
0x00007ff80d998000 	/usr/lib/libicucore.A.dylib
0x00007ff81299f000 	/System/Library/PrivateFrameworks/CoreAnalytics.framework/Versions/A/CoreAnalytics
0x00007ff8158c2000 	/System/Library/PrivateFrameworks/FontServices.framework/libFontParser.dylib
0x00007ff82016a000 	/System/Library/Frameworks/Accelerate.framework/Versions/A/Accelerate
0x00007ff81551d000 	/System/Library/Frameworks/IOSurface.framework/Versions/A/IOSurface
0x00007ff813d07000 	/usr/lib/libxml2.2.dylib
0x00007ff80fc46000 	/System/Library/Frameworks/CFNetwork.framework/Versions/A/CFNetwork
0x00007ff80aadd000 	/System/Library/Frameworks/CoreFoundation.framework/Versions/A/CoreFoundation
0x00007ff80ba0e000 	/System/Library/Frameworks/Foundation.framework/Versions/C/Foundation
0x00007ff8182cc000 	/usr/lib/libz.1.dylib
0x00007ff80a6a8000 	/usr/lib/libobjc.A.dylib
0x00007ff80a9aa000 	/usr/lib/libc++.1.dylib
0x00007ff811c19000 	/System/Library/PrivateFrameworks/RunningBoardServices.framework/Versions/A/RunningBoardServices
0x00007ff81000f000 	/usr/lib/libMobileGestalt.dylib
0x00007ff810098000 	/System/Library/PrivateFrameworks/TCC.framework/Versions/A/TCC
0x00007ff826a9e000 	/System/Library/PrivateFrameworks/IOSurfaceAccelerator.framework/Versions/A/IOSurfaceAccelerator
0x00007ff81a632000 	/System/Library/PrivateFrameworks/WatchdogClient.framework/Versions/A/WatchdogClient
0x00007ff818552000 	/usr/lib/libcompression.dylib
0x00007ff8129cb000 	/usr/lib/libDiagnosticMessagesClient.dylib
0x00007ff80b6bd000 	/System/Library/Frameworks/SystemConfiguration.framework/Versions/A/SystemConfiguration
0x00007ff80c812000 	/System/Library/Frameworks/CoreDisplay.framework/Versions/A/CoreDisplay
0x00007ff81739f000 	/System/Library/PrivateFrameworks/IOMobileFramebuffer.framework/Versions/A/IOMobileFramebuffer
0x00007ff815791000 	/System/Library/Frameworks/CoreMedia.framework/Versions/A/CoreMedia
0x00007ff815533000 	/System/Library/PrivateFrameworks/IOAccelerator.framework/Versions/A/IOAccelerator
0x00007ff80dfc1000 	/System/Library/Frameworks/IOKit.framework/Versions/A/IOKit
0x00007ff81553c000 	/System/Library/Frameworks/Metal.framework/Versions/A/Metal
0x00007ff813de7000 	/System/Library/Frameworks/CoreVideo.framework/Versions/A/CoreVideo
0x00007ff81854a000 	/System/Library/Frameworks/MetalPerformanceShaders.framework/Versions/A/MetalPerformanceShaders
0x00007ff81a634000 	/System/Library/PrivateFrameworks/MultitouchSupport.framework/Versions/A/MultitouchSupport
0x00007ff80d5ea000 	/System/Library/Frameworks/Security.framework/Versions/A/Security
0x00007ff813617000 	/System/Library/Frameworks/QuartzCore.framework/Versions/A/QuartzCore
0x00007ff81769f000 	/usr/lib/libbsm.0.dylib
0x00007ff81a671000 	/System/Library/Frameworks/VideoToolbox.framework/Versions/A/VideoToolbox
0x00007ff813e74000 	/System/Library/PrivateFrameworks/UserManagement.framework/Versions/A/UserManagement
0x00007ff811b42000 	/System/Library/PrivateFrameworks/BaseBoard.framework/Versions/A/BaseBoard
0x00007ff813c86000 	/System/Library/Frameworks/CoreServices.framework/Versions/A/Frameworks/FSEvents.framework/Versions/A/FSEvents
0x00007ff80dc44000 	/System/Library/Frameworks/CoreServices.framework/Versions/A/Frameworks/CarbonCore.framework/Versions/A/CarbonCore
0x00007ff812a13000 	/System/Library/Frameworks/CoreServices.framework/Versions/A/Frameworks/Metadata.framework/Versions/A/Metadata
0x00007ff817fa2000 	/System/Library/Frameworks/CoreServices.framework/Versions/A/Frameworks/OSServices.framework/Versions/A/OSServices
0x00007ff818491000 	/System/Library/Frameworks/CoreServices.framework/Versions/A/Frameworks/SearchKit.framework/Versions/A/SearchKit
0x00007ff811c7c000 	/System/Library/Frameworks/CoreServices.framework/Versions/A/Frameworks/AE.framework/Versions/A/AE
0x00007ff80af77000 	/System/Library/Frameworks/CoreServices.framework/Versions/A/Frameworks/LaunchServices.framework/Versions/A/LaunchServices
0x00007ff8199a4000 	/System/Library/Frameworks/CoreServices.framework/Versions/A/Frameworks/DictionaryServices.framework/Versions/A/DictionaryServices
0x00007ff813c93000 	/System/Library/Frameworks/CoreServices.framework/Versions/A/Frameworks/SharedFileList.framework/Versions/A/SharedFileList
0x00007ff81851c000 	/usr/lib/libapple_nghttp2.dylib
0x00007ff8118f1000 	/usr/lib/libsqlite3.dylib
0x00007ff811cfe000 	/System/Library/Frameworks/Network.framework/Versions/A/Network
0x00007ff80df3f000 	/System/Library/PrivateFrameworks/CoreServicesInternal.framework/Versions/A/CoreServicesInternal
0x00007ff81837f000 	/usr/lib/liboah.dylib
0x00007ff8183b6000 	/usr/lib/libfakelink.dylib
0x00007ff80aa25000 	/usr/lib/libc++abi.dylib
0x00007ff8183ae000 	/usr/lib/system/libcache.dylib
0x00007ff81836a000 	/usr/lib/system/libcommonCrypto.dylib
0x00007ff818392000 	/usr/lib/system/libcompiler_rt.dylib
0x00007ff818387000 	/usr/lib/system/libcopyfile.dylib
0x00007ff80a7e1000 	/usr/lib/system/libcorecrypto.dylib
0x00007ff80a8d8000 	/usr/lib/system/libdispatch.dylib
0x00007ff80aa82000 	/usr/lib/system/libdyld.dylib
0x00007ff8183a4000 	/usr/lib/system/libkeymgr.dylib
0x00007ff81834b000 	/usr/lib/system/libmacho.dylib
0x00007ff81767a000 	/usr/lib/system/libquarantine.dylib
0x00007ff8183a2000 	/usr/lib/system/libremovefile.dylib
0x00007ff810081000 	/usr/lib/system/libsystem_asl.dylib
0x00007ff80a77b000 	/usr/lib/system/libsystem_blocks.dylib
0x00007ff80a922000 	/usr/lib/system/libsystem_c.dylib
0x00007ff81839a000 	/usr/lib/system/libsystem_collections.dylib
0x00007ff8164cb000 	/usr/lib/system/libsystem_configuration.dylib
0x00007ff8154f4000 	/usr/lib/system/libsystem_containermanager.dylib
0x00007ff817f9c000 	/usr/lib/system/libsystem_coreservices.dylib
0x00007ff80dc39000 	/usr/lib/system/libsystem_darwin.dylib
0x00007ffc1f280000 	/usr/lib/system/libsystem_darwindirectory.dylib
0x00007ff8183a5000 	/usr/lib/system/libsystem_dnssd.dylib
0x00007ffc1f284000 	/usr/lib/system/libsystem_eligibility.dylib
0x00007ff80a91f000 	/usr/lib/system/libsystem_featureflags.dylib
0x00007ff80aab2000 	/usr/lib/system/libsystem_info.dylib
0x00007ff8182e0000 	/usr/lib/system/libsystem_m.dylib
0x00007ff80a898000 	/usr/lib/system/libsystem_malloc.dylib
0x00007ff80fff5000 	/usr/lib/system/libsystem_networkextension.dylib
0x00007ff80e085000 	/usr/lib/system/libsystem_notify.dylib
0x00007ff8164cf000 	/usr/lib/system/libsystem_sandbox.dylib
0x00007ffc1f287000 	/usr/lib/system/libsystem_sanitizers.dylib
0x00007ff81839f000 	/usr/lib/system/libsystem_secinit.dylib
0x00007ff80aa3b000 	/usr/lib/system/libsystem_kernel.dylib
0x00007ff80aaa7000 	/usr/lib/system/libsystem_platform.dylib
0x00007ff80aa76000 	/usr/lib/system/libsystem_pthread.dylib
0x00007ff811cf6000 	/usr/lib/system/libsystem_symptoms.dylib
0x00007ff80a7c7000 	/usr/lib/system/libsystem_trace.dylib
0x00007ff818376000 	/usr/lib/system/libunwind.dylib
0x00007ff80a77f000 	/usr/lib/system/libxpc.dylib
0x00007ff81000e000 	/usr/lib/libenergytrace.dylib
0x00007ff818351000 	/usr/lib/system/libkxld.dylib
0x00007ff813cbe000 	/System/Library/PrivateFrameworks/CoreAutoLayout.framework/Versions/A/CoreAutoLayout
0x00007ff812aab000 	/System/Library/Frameworks/DiskArbitration.framework/Versions/A/DiskArbitration
0x00007ff818408000 	/usr/lib/libarchive.2.dylib
0x00007ff8164db000 	/usr/lib/liblangid.dylib
0x00007ff81dd16000 	/System/Library/Frameworks/Combine.framework/Versions/A/Combine
0x00007ffb144fa000 	/System/Library/PrivateFrameworks/CollectionsInternal.framework/Versions/A/CollectionsInternal
0x00007ffb29906000 	/System/Library/PrivateFrameworks/ReflectionInternal.framework/Versions/A/ReflectionInternal
0x00007ffb29e86000 	/System/Library/PrivateFrameworks/RuntimeInternal.framework/Versions/A/RuntimeInternal
0x00007ff81b8a0000 	/usr/lib/swift/libswiftCore.dylib
0x00007ff911f15000 	/usr/lib/swift/libswiftCoreFoundation.dylib
0x00007ff90fb75000 	/usr/lib/swift/libswiftDarwin.dylib
0x00007ff82180e000 	/usr/lib/swift/libswiftDispatch.dylib
0x00007ff911f54000 	/usr/lib/swift/libswiftIOKit.dylib
0x00007ff824008000 	/usr/lib/swift/libswiftObjectiveC.dylib
0x00007ff911f25000 	/usr/lib/swift/libswiftXPC.dylib
0x00007ffc1ef52000 	/usr/lib/swift/libswift_Concurrency.dylib
0x00007ffc1f08d000 	/usr/lib/swift/libswift_StringProcessing.dylib
0x00007ff82400c000 	/usr/lib/swift/libswiftos.dylib
0x00007ff8164d6000 	/System/Library/PrivateFrameworks/AppleSystemInfo.framework/Versions/A/AppleSystemInfo
0x00007ff8183ba000 	/usr/lib/libpcap.A.dylib
0x00007ff811cec000 	/usr/lib/libdns_services.dylib
0x00007ff8118d8000 	/System/Library/PrivateFrameworks/ProtocolBuffer.framework/Versions/A/ProtocolBuffer
0x00007ff819a12000 	/usr/lib/libcoretls_cfhelpers.dylib
0x00007ff80fc45000 	/usr/lib/libnetwork.dylib
0x00007ff8199f3000 	/usr/lib/liblzma.5.dylib
0x00007ff817687000 	/usr/lib/libcoretls.dylib
0x00007ffc1d902000 	/usr/lib/libCoreEntitlements.dylib
0x00007ffb250d0000 	/System/Library/PrivateFrameworks/MessageSecurity.framework/Versions/A/MessageSecurity
0x00007ff817ebf000 	/System/Library/PrivateFrameworks/AppleFSCompression.framework/Versions/A/AppleFSCompression
0x00007ff81854c000 	/usr/lib/libpam.2.dylib
0x00007ff819a8b000 	/usr/lib/libxar.1.dylib
0x00007ff81a03b000 	/usr/lib/libheimdal-asn1.dylib
0x00007ff817f8d000 	/usr/lib/libbz2.1.0.dylib
0x00007ffc1efdf000 	/usr/lib/swift/libswift_RegexParser.dylib
0x00007ff8183f0000 	/usr/lib/libiconv.2.dylib
0x00007ff81834a000 	/usr/lib/libcharset.1.dylib
0x00007ff81767d000 	/usr/lib/libCheckFix.dylib
0x00007ff8164dd000 	/System/Library/PrivateFrameworks/CoreNLP.framework/Versions/A/CoreNLP
0x00007ff8129cd000 	/System/Library/PrivateFrameworks/MetadataUtilities.framework/Versions/A/MetadataUtilities
0x00007ff8176af000 	/usr/lib/libmecab.dylib
0x00007ff80b744000 	/usr/lib/libCRFSuite.dylib
0x00007ff817708000 	/usr/lib/libgermantok.dylib
0x00007ff8184f7000 	/usr/lib/libThaiTokenizer.dylib
0x00007ff812ab3000 	/System/Library/Frameworks/Accelerate.framework/Versions/A/Frameworks/vImage.framework/Versions/A/vImage
0x00007ff81fe78000 	/System/Library/Frameworks/Accelerate.framework/Versions/A/Frameworks/vecLib.framework/Versions/A/vecLib
0x00007ff819acd000 	/System/Library/Frameworks/Accelerate.framework/Versions/A/Frameworks/vecLib.framework/Versions/A/libvMisc.dylib
0x00007ff81716f000 	/System/Library/Frameworks/Accelerate.framework/Versions/A/Frameworks/vecLib.framework/Versions/A/libvDSP.dylib
0x00007ff80b384000 	/System/Library/Frameworks/Accelerate.framework/Versions/A/Frameworks/vecLib.framework/Versions/A/libBLAS.dylib
0x00007ff818634000 	/System/Library/Frameworks/Accelerate.framework/Versions/A/Frameworks/vecLib.framework/Versions/A/libLAPACK.dylib
0x00007ff81770b000 	/System/Library/Frameworks/Accelerate.framework/Versions/A/Frameworks/vecLib.framework/Versions/A/libLinearAlgebra.dylib
0x00007ff818537000 	/System/Library/Frameworks/Accelerate.framework/Versions/A/Frameworks/vecLib.framework/Versions/A/libSparseBLAS.dylib
0x00007ff81862e000 	/System/Library/Frameworks/Accelerate.framework/Versions/A/Frameworks/vecLib.framework/Versions/A/libQuadrature.dylib
0x00007ff8165f3000 	/System/Library/Frameworks/Accelerate.framework/Versions/A/Frameworks/vecLib.framework/Versions/A/libBNNS.dylib
0x00007ff80b645000 	/System/Library/Frameworks/Accelerate.framework/Versions/A/Frameworks/vecLib.framework/Versions/A/libSparse.dylib
0x00007ffb23975000 	/System/Library/PrivateFrameworks/MIL.framework/Versions/A/MIL
0x00007ff813c6a000 	/System/Library/Frameworks/OpenDirectory.framework/Versions/A/Frameworks/CFOpenDirectory.framework/Versions/A/CFOpenDirectory
0x00007ff813c5e000 	/System/Library/Frameworks/OpenDirectory.framework/Versions/A/OpenDirectory
0x00007ff819a14000 	/System/Library/PrivateFrameworks/APFS.framework/Versions/A/APFS
0x00007ff8175c2000 	/System/Library/Frameworks/SecurityFoundation.framework/Versions/A/SecurityFoundation
0x00007ff819a99000 	/usr/lib/libutil.dylib
0x00007ffb21d75000 	/System/Library/PrivateFrameworks/InstalledContentLibrary.framework/Versions/A/InstalledContentLibrary
0x00007ff80df81000 	/System/Library/PrivateFrameworks/CoreServicesStore.framework/Versions/A/CoreServicesStore
0x00007ff813cbb000 	/usr/lib/libapp_launch_measurement.dylib
0x00007ffb120f1000 	/System/Library/PrivateFrameworks/AppleMobileFileIntegrity.framework/Versions/A/AppleMobileFileIntegrity
0x00007ff911ee7000 	/usr/lib/libmis.dylib
0x00007ff922a6a000 	/System/Library/PrivateFrameworks/MobileSystemServices.framework/Versions/A/MobileSystemServices
0x00007ffa2017b000 	/System/Library/PrivateFrameworks/ConfigProfileHelper.framework/Versions/A/ConfigProfileHelper
0x00007ff8184f9000 	/System/Library/PrivateFrameworks/AppleSauce.framework/Versions/A/AppleSauce
0x00007ff80c645000 	/System/Library/PrivateFrameworks/LanguageModeling.framework/Versions/A/LanguageModeling
0x00007ff819a9d000 	/usr/lib/libxslt.1.dylib
0x00007ff8183f7000 	/usr/lib/libcmph.dylib
0x00007ff81736d000 	/System/Library/PrivateFrameworks/CoreEmoji.framework/Versions/A/CoreEmoji
0x00007ff8165ed000 	/System/Library/PrivateFrameworks/LinguisticData.framework/Versions/A/LinguisticData
0x00007ff80b55c000 	/System/Library/PrivateFrameworks/Lexicon.framework/Versions/A/Lexicon
0x00007ff81764b000 	/System/Library/PrivateFrameworks/BackgroundTaskManagement.framework/Versions/A/BackgroundTaskManagement
0x00007ffc1da71000 	/usr/lib/libTLE.dylib
0x00007ff81759e000 	/System/Library/PrivateFrameworks/MobileKeyBag.framework/Versions/A/MobileKeyBag
0x00007ff8164d5000 	/System/Library/PrivateFrameworks/AggregateDictionary.framework/Versions/A/AggregateDictionary
0x00007ffb11eef000 	/System/Library/PrivateFrameworks/AppleKeyStore.framework/Versions/A/AppleKeyStore
0x00007ff81a4fe000 	/System/Library/PrivateFrameworks/AppleJPEG.framework/Versions/A/AppleJPEG
0x00007ff81a020000 	/usr/lib/libexpat.1.dylib
0x00007ff81ac27000 	/System/Library/Frameworks/ImageIO.framework/Versions/A/Resources/libPng.dylib
0x00007ff81ac54000 	/System/Library/Frameworks/ImageIO.framework/Versions/A/Resources/libTIFF.dylib
0x00007ff81ad48000 	/System/Library/Frameworks/ImageIO.framework/Versions/A/Resources/libGIF.dylib
0x00007ff81a54a000 	/System/Library/Frameworks/ImageIO.framework/Versions/A/Resources/libJP2.dylib
0x00007ff819c6d000 	/usr/lib/libate.dylib
0x00007ff81ace8000 	/System/Library/Frameworks/ImageIO.framework/Versions/A/Resources/libJPEG.dylib
0x00007ff81acdf000 	/System/Library/Frameworks/ImageIO.framework/Versions/A/Resources/libRadiance.dylib
0x00007ffb1dd37000 	/System/Library/PrivateFrameworks/GPUCompiler.framework/Versions/32023/Libraries/libllvm-flatbuffers.dylib
0x00007ffa244a1000 	/System/Library/Frameworks/OpenGL.framework/Versions/A/Libraries/libCoreFSCache.dylib
0x00007ffb1aebd000 	/System/Library/PrivateFrameworks/GPUCompiler.framework/Versions/32023/Libraries/libGPUCompilerUtils.dylib
0x00007ff81acd8000 	/System/Library/PrivateFrameworks/GPUWrangler.framework/Versions/A/GPUWrangler
0x00007ff81acbc000 	/System/Library/PrivateFrameworks/IOPresentment.framework/Versions/A/IOPresentment
0x00007ff81ace2000 	/System/Library/PrivateFrameworks/DSExternalDisplay.framework/Versions/A/DSExternalDisplay
0x00007ff81ad4e000 	/System/Library/PrivateFrameworks/CMCaptureCore.framework/Versions/A/CMCaptureCore
0x00007ff81a202000 	/usr/lib/libspindump.dylib
0x00007ff80cebf000 	/System/Library/Frameworks/CoreAudio.framework/Versions/A/CoreAudio
0x00007ffb0abd0000 	/System/Library/Frameworks/ExtensionFoundation.framework/Versions/A/ExtensionFoundation
0x00007ff82205f000 	/System/Library/PrivateFrameworks/CoreTime.framework/Versions/A/CoreTime
0x00007ff81a1eb000 	/System/Library/PrivateFrameworks/AppServerSupport.framework/Versions/A/AppServerSupport
0x00007ff81c78a000 	/System/Library/PrivateFrameworks/perfdata.framework/Versions/A/perfdata
0x00007ff80c940000 	/System/Library/PrivateFrameworks/AudioToolboxCore.framework/Versions/A/AudioToolboxCore
0x00007ff81576b000 	/System/Library/PrivateFrameworks/caulk.framework/Versions/A/caulk
0x00007ff81c022000 	/usr/lib/libAudioStatistics.dylib
0x00007ff911286000 	/System/Library/PrivateFrameworks/SystemPolicy.framework/Versions/A/SystemPolicy
0x00007ff81c2e4000 	/usr/lib/libSMC.dylib
0x00007ff826127000 	/System/Library/Frameworks/CoreMIDI.framework/Versions/A/CoreMIDI
0x00007ff81abee000 	/usr/lib/libAudioToolboxUtility.dylib
0x00007ff90c880000 	/System/Library/PrivateFrameworks/OSAServicesClient.framework/Versions/A/OSAServicesClient
0x00007ff81c798000 	/usr/lib/libperfcheck.dylib
0x00007ff821b0a000 	/System/Library/PrivateFrameworks/BoardServices.framework/Versions/A/BoardServices
0x00007ff819f00000 	/System/Library/PrivateFrameworks/PlugInKit.framework/Versions/A/PlugInKit
0x00007ff8175b5000 	/System/Library/PrivateFrameworks/AssertionServices.framework/Versions/A/AssertionServices
0x00007ff91dfcc000 	/usr/lib/swift/libswiftMetal.dylib
0x00007ff92258e000 	/usr/lib/swift/libswiftQuartzCore.dylib
0x00007ff9152b5000 	/usr/lib/swift/libswiftsimd.dylib
0x00007ff816048000 	/System/Library/Frameworks/CoreImage.framework/Versions/A/CoreImage
0x00007ffa0e9d1000 	/System/Library/PrivateFrameworks/Symbolication.framework/Versions/A/Symbolication
0x00007ffb288a6000 	/System/Library/PrivateFrameworks/PhotosensitivityProcessing.framework/Versions/A/PhotosensitivityProcessing
0x00007ffa244ad000 	/System/Library/Frameworks/OpenGL.framework/Versions/A/OpenGL
0x00007ffa25180000 	/System/Library/Frameworks/OpenCL.framework/Versions/A/OpenCL
0x00007ff81a196000 	/System/Library/PrivateFrameworks/GraphVisualizer.framework/Versions/A/GraphVisualizer
0x00007ffa244fe000 	/System/Library/Frameworks/OpenGL.framework/Versions/A/Libraries/libGLU.dylib
0x00007ffa244c0000 	/System/Library/Frameworks/OpenGL.framework/Versions/A/Libraries/libGFXShared.dylib
0x00007ffa246bc000 	/System/Library/Frameworks/OpenGL.framework/Versions/A/Libraries/libGL.dylib
0x00007ffa244c8000 	/System/Library/Frameworks/OpenGL.framework/Versions/A/Libraries/libGLImage.dylib
0x00007ffa244bd000 	/System/Library/Frameworks/OpenGL.framework/Versions/A/Libraries/libCVMSPluginSupport.dylib
0x00007ffc1da2d000 	/usr/lib/libRosetta.dylib
0x00007ffa244a8000 	/System/Library/Frameworks/OpenGL.framework/Versions/A/Libraries/libCoreVMClient.dylib
0x00007ffb19220000 	/System/Library/PrivateFrameworks/FontServices.framework/Versions/A/FontServices
0x00007ff80f6f8000 	/System/Library/Frameworks/UniformTypeIdentifiers.framework/Versions/A/UniformTypeIdentifiers
0x00007ff81a1a5000 	/System/Library/PrivateFrameworks/OTSVG.framework/Versions/A/OTSVG
0x00007ff8139a2000 	/System/Library/Frameworks/ApplicationServices.framework/Versions/A/Frameworks/ATS.framework/Versions/A/Resources/libFontRegistry.dylib
0x00007ff81a1f6000 	/System/Library/PrivateFrameworks/FontServices.framework/libhvf.dylib
0x00007ffb19221000 	/System/Library/PrivateFrameworks/FontServices.framework/libXTFontStaticRegistryData.dylib
0x00007ff816414000 	/System/Library/Frameworks/MetalPerformanceShaders.framework/Versions/A/Frameworks/MPSCore.framework/Versions/A/MPSCore
0x00007ff817e19000 	/System/Library/Frameworks/MetalPerformanceShaders.framework/Versions/A/Frameworks/MPSImage.framework/Versions/A/MPSImage
0x00007ff817721000 	/System/Library/Frameworks/MetalPerformanceShaders.framework/Versions/A/Frameworks/MPSNeuralNetwork.framework/Versions/A/MPSNeuralNetwork
0x00007ff817c90000 	/System/Library/Frameworks/MetalPerformanceShaders.framework/Versions/A/Frameworks/MPSMatrix.framework/Versions/A/MPSMatrix
0x00007ff817a42000 	/System/Library/Frameworks/MetalPerformanceShaders.framework/Versions/A/Frameworks/MPSRayIntersector.framework/Versions/A/MPSRayIntersector
0x00007ff817ccf000 	/System/Library/Frameworks/MetalPerformanceShaders.framework/Versions/A/Frameworks/MPSNDArray.framework/Versions/A/MPSNDArray
0x00007ffb0c3e5000 	/System/Library/Frameworks/MetalPerformanceShaders.framework/Versions/A/Frameworks/MPSFunctions.framework/Versions/A/MPSFunctions
0x00007ffb0c3c8000 	/System/Library/Frameworks/MetalPerformanceShaders.framework/Versions/A/Frameworks/MPSBenchmarkLoop.framework/Versions/A/MPSBenchmarkLoop
0x00007ff80b234000 	/System/Library/PrivateFrameworks/MetalTools.framework/Versions/A/MetalTools
0x00007ff916622000 	/System/Library/PrivateFrameworks/IOAccelMemoryInfo.framework/Versions/A/IOAccelMemoryInfo
0x00007ff92296a000 	/System/Library/PrivateFrameworks/kperf.framework/Versions/A/kperf
0x00007ff911f09000 	/System/Library/PrivateFrameworks/GPURawCounter.framework/Versions/A/GPURawCounter
0x00007ff821f34000 	/System/Library/PrivateFrameworks/CoreSymbolication.framework/Versions/A/CoreSymbolication
0x00007ff911eb9000 	/System/Library/PrivateFrameworks/MallocStackLogging.framework/Versions/A/MallocStackLogging
0x00007ff819da5000 	/System/Library/PrivateFrameworks/CrashReporterSupport.framework/Versions/A/CrashReporterSupport
0x00007ff821ef5000 	/System/Library/PrivateFrameworks/DebugSymbols.framework/Versions/A/DebugSymbols
0x00007ff92136f000 	/System/Library/PrivateFrameworks/OSAnalytics.framework/Versions/A/OSAnalytics
0x00007ffc14d34000 	/System/Library/PrivateFrameworks/VideoToolboxParavirtualizationSupport.framework/Versions/A/VideoToolboxParavirtualizationSupport
0x00007ff819fd2000 	/System/Library/PrivateFrameworks/AppleVA.framework/Versions/A/AppleVA
0x00007ff81ad18000 	/System/Library/Frameworks/ApplicationServices.framework/Versions/A/Frameworks/ATSUI.framework/Versions/A/ATSUI
0x00007ff81c3c3000 	/usr/lib/libcups.2.dylib
0x00007ff81c7a7000 	/System/Library/Frameworks/Kerberos.framework/Versions/A/Kerberos
0x00007ff81c7b6000 	/System/Library/Frameworks/GSS.framework/Versions/A/GSS
0x00007ff81c0db000 	/usr/lib/libresolv.9.dylib
0x00007ff81a208000 	/System/Library/PrivateFrameworks/Heimdal.framework/Versions/A/Heimdal
0x00007ff823f7a000 	/System/Library/Frameworks/Kerberos.framework/Versions/A/Libraries/libHeimdalProxy.dylib
0x00007ff81c804000 	/System/Library/PrivateFrameworks/CommonAuth.framework/Versions/A/CommonAuth
0x00007ffa29afa000 	/System/Library/Frameworks/AVFAudio.framework/Versions/A/AVFAudio
0x00007ff90c8c7000 	/System/Library/PrivateFrameworks/AXCoreUtilities.framework/Versions/A/AXCoreUtilities
0x00007ff81be30000 	/System/Library/Frameworks/AudioToolbox.framework/Versions/A/AudioToolbox
0x00007ffb23113000 	/System/Library/PrivateFrameworks/IsolatedCoreAudioClient.framework/Versions/A/IsolatedCoreAudioClient
0x00007ff81bfa9000 	/System/Library/PrivateFrameworks/AudioSession.framework/Versions/A/AudioSession
0x00007ff81dadb000 	/System/Library/Frameworks/IOBluetooth.framework/Versions/A/IOBluetooth
0x00007ff81a0e0000 	/System/Library/PrivateFrameworks/MediaExperience.framework/Versions/A/MediaExperience
0x00007ff81bdfb000 	/System/Library/PrivateFrameworks/AudioSession.framework/libSessionUtility.dylib
0x00007ff81c443000 	/System/Library/PrivateFrameworks/AudioResourceArbitration.framework/Versions/A/AudioResourceArbitration
0x00007ff820ba0000 	/System/Library/PrivateFrameworks/PowerLog.framework/Versions/A/PowerLog
0x00007ff811455000 	/System/Library/Frameworks/CoreData.framework/Versions/A/CoreData
0x00007ff820abd000 	/System/Library/Frameworks/CoreBluetooth.framework/Versions/A/CoreBluetooth
0x00007ff823f7b000 	/System/Library/Frameworks/AudioUnit.framework/Versions/A/AudioUnit
0x00007ff817427000 	/System/Library/PrivateFrameworks/CoreUtils.framework/Versions/A/CoreUtils
0x00007ffb17747000 	/System/Library/PrivateFrameworks/CoreUtilsExtras.framework/Versions/A/CoreUtilsExtras
0x00007ffb21c09000 	/System/Library/PrivateFrameworks/IO80211.framework/Versions/A/IO80211
0x00007ff8262cb000 	/System/Library/Frameworks/Cocoa.framework/Versions/A/Cocoa
0x00007ff80e0ea000 	/System/Library/Frameworks/AppKit.framework/Versions/C/AppKit
0x00007ff80f51b000 	/System/Library/PrivateFrameworks/UIFoundation.framework/Versions/A/UIFoundation
0x00007ffb144e5000 	/System/Library/PrivateFrameworks/CollectionViewCore.framework/Versions/A/CollectionViewCore
0x00007ff81fa95000 	/System/Library/PrivateFrameworks/RemoteViewServices.framework/Versions/A/RemoteViewServices
0x00007ff815cd0000 	/System/Library/PrivateFrameworks/XCTTargetBootstrap.framework/Versions/A/XCTTargetBootstrap
0x00007ff81ae8e000 	/System/Library/PrivateFrameworks/InternationalSupport.framework/Versions/A/InternationalSupport
0x00007ff81aee2000 	/System/Library/PrivateFrameworks/UserActivity.framework/Versions/A/UserActivity
0x00007ffc16886000 	/System/Library/PrivateFrameworks/WindowManagement.framework/Versions/A/WindowManagement
0x00007ff815cd5000 	/System/Library/PrivateFrameworks/CoreSVG.framework/Versions/A/CoreSVG
0x00007ff81a062000 	/System/Library/PrivateFrameworks/IconServices.framework/Versions/A/IconServices
0x00007ff815cbd000 	/System/Library/PrivateFrameworks/DFRFoundation.framework/Versions/A/DFRFoundation
0x00007ff81ae9d000 	/System/Library/PrivateFrameworks/DataDetectorsCore.framework/Versions/A/DataDetectorsCore
0x00007ff915353000 	/System/Library/PrivateFrameworks/TextInput.framework/Versions/A/TextInput
0x00007ff815a22000 	/System/Library/Frameworks/Carbon.framework/Versions/A/Frameworks/HIToolbox.framework/Versions/A/HIToolbox
0x00007ff81facd000 	/System/Library/Frameworks/Carbon.framework/Versions/A/Frameworks/SpeechRecognition.framework/Versions/A/SpeechRecognition
0x00007ff8139ee000 	/System/Library/PrivateFrameworks/CoreUI.framework/Versions/A/CoreUI
0x00007ff90ac04000 	/System/Library/PrivateFrameworks/RenderBox.framework/Versions/A/RenderBox
0x00007ff813c53000 	/System/Library/PrivateFrameworks/PerformanceAnalysis.framework/Versions/A/PerformanceAnalysis
0x00007ff81fe1e000 	/System/Library/Frameworks/Accessibility.framework/Versions/A/Accessibility
0x00007ffb0a6cf000 	/System/Library/Frameworks/CoreTransferable.framework/Versions/A/CoreTransferable
0x00007ffb0aad4000 	/System/Library/Frameworks/DeveloperToolsSupport.framework/Versions/A/DeveloperToolsSupport
0x00007ffb0ee68000 	/System/Library/Frameworks/Symbols.framework/Versions/A/Symbols
0x00007ff90fb6e000 	/usr/lib/swift/libswiftCoreGraphics.dylib
0x00007ff911f53000 	/usr/lib/swift/libswiftCoreImage.dylib
0x00007ffa0b699000 	/usr/lib/swift/libswiftOSLog.dylib
0x00007ff92669c000 	/usr/lib/swift/libswiftUniformTypeIdentifiers.dylib
0x00007ff81adce000 	/System/Library/PrivateFrameworks/TextureIO.framework/Versions/A/TextureIO
0x00007ff821a4c000 	/System/Library/PrivateFrameworks/FrontBoardServices.framework/Versions/A/FrontBoardServices
0x00007ff82355f000 	/System/Library/PrivateFrameworks/BackBoardServices.framework/Versions/A/BackBoardServices
0x00007ff81a044000 	/System/Library/PrivateFrameworks/IconFoundation.framework/Versions/A/IconFoundation
0x00007ff81fabd000 	/System/Library/PrivateFrameworks/SpeechRecognitionCore.framework/Versions/A/SpeechRecognitionCore
0x00007ff90c8e0000 	/usr/lib/libAccessibility.dylib
0x00007ff8201b3000 	/System/Library/Frameworks/MediaAccessibility.framework/Versions/A/MediaAccessibility
0x00007ffa12354000 	/System/Library/Frameworks/OSLog.framework/Versions/A/OSLog
0x00007ff911e44000 	/System/Library/PrivateFrameworks/LoggingSupport.framework/Versions/A/LoggingSupport
0x000000010c9de000 	/Users/mackenzieraue/.p2/pool/plugins/org.eclipse.justj.openjdk.hotspot.jre.full.macosx.x86_64_23.0.1.v20241024-1700/jre/lib/server/libjvm.dylib
0x000000010b157000 	/Users/mackenzieraue/.p2/pool/plugins/org.eclipse.justj.openjdk.hotspot.jre.full.macosx.x86_64_23.0.1.v20241024-1700/jre/lib/libjimage.dylib
0x000000010b1a7000 	/Users/mackenzieraue/.p2/pool/plugins/org.eclipse.justj.openjdk.hotspot.jre.full.macosx.x86_64_23.0.1.v20241024-1700/jre/lib/libjava.dylib
0x000000010bf6b000 	/Users/mackenzieraue/.p2/pool/plugins/org.eclipse.justj.openjdk.hotspot.jre.full.macosx.x86_64_23.0.1.v20241024-1700/jre/lib/libzip.dylib
0x000000010c080000 	/Users/mackenzieraue/.p2/pool/plugins/org.eclipse.justj.openjdk.hotspot.jre.full.macosx.x86_64_23.0.1.v20241024-1700/jre/lib/libnio.dylib
0x000000010c0be000 	/Users/mackenzieraue/.p2/pool/plugins/org.eclipse.justj.openjdk.hotspot.jre.full.macosx.x86_64_23.0.1.v20241024-1700/jre/lib/libnet.dylib
0x000000010c1b0000 	/Users/mackenzieraue/.p2/pool/plugins/org.eclipse.justj.openjdk.hotspot.jre.full.macosx.x86_64_23.0.1.v20241024-1700/jre/lib/libawt.dylib
0x00007ffb0b7ed000 	/System/Library/Frameworks/JavaRuntimeSupport.framework/Versions/A/JavaRuntimeSupport
0x00007ff910c2a000 	/System/Library/Frameworks/Carbon.framework/Versions/A/Carbon
0x00007ff828229000 	/System/Library/Frameworks/Carbon.framework/Versions/A/Frameworks/CommonPanels.framework/Versions/A/CommonPanels
0x00007ff82388b000 	/System/Library/Frameworks/Carbon.framework/Versions/A/Frameworks/Help.framework/Versions/A/Help
0x00007ff82822d000 	/System/Library/Frameworks/Carbon.framework/Versions/A/Frameworks/ImageCapture.framework/Versions/A/ImageCapture
0x00007ff82820a000 	/System/Library/Frameworks/Carbon.framework/Versions/A/Frameworks/OpenScripting.framework/Versions/A/OpenScripting
0x00007ff828228000 	/System/Library/Frameworks/Carbon.framework/Versions/A/Frameworks/Ink.framework/Versions/A/Ink
0x00007ff828225000 	/System/Library/Frameworks/Carbon.framework/Versions/A/Frameworks/SecurityHI.framework/Versions/A/SecurityHI
0x000000010c45b000 	/Users/mackenzieraue/.p2/pool/plugins/org.eclipse.justj.openjdk.hotspot.jre.full.macosx.x86_64_23.0.1.v20241024-1700/jre/lib/libawt_lwawt.dylib
0x000000010c13e000 	/Users/mackenzieraue/.p2/pool/plugins/org.eclipse.justj.openjdk.hotspot.jre.full.macosx.x86_64_23.0.1.v20241024-1700/jre/lib/libosxapp.dylib
0x00007ff90fbdc000 	/System/Library/Frameworks/ExceptionHandling.framework/Versions/A/ExceptionHandling
0x00000001265e2000 	/Users/mackenzieraue/.p2/pool/plugins/org.eclipse.justj.openjdk.hotspot.jre.full.macosx.x86_64_23.0.1.v20241024-1700/jre/lib/libfontmanager.dylib
0x000000010c72d000 	/Users/mackenzieraue/.p2/pool/plugins/org.eclipse.justj.openjdk.hotspot.jre.full.macosx.x86_64_23.0.1.v20241024-1700/jre/lib/libfreetype.dylib
0x00007ff821182000 	/System/Library/Frameworks/FileProvider.framework/Versions/A/FileProvider
0x00007ff811aaa000 	/System/Library/Frameworks/Accounts.framework/Versions/A/Accounts
0x00007ff821337000 	/System/Library/PrivateFrameworks/GenerationalStorage.framework/Versions/A/GenerationalStorage
0x00007ff820b95000 	/System/Library/PrivateFrameworks/SymptomDiagnosticReporter.framework/Versions/A/SymptomDiagnosticReporter
0x00007ff80f70e000 	/System/Library/PrivateFrameworks/DesktopServicesPriv.framework/Versions/A/DesktopServicesPriv
0x00007ff80e095000 	/usr/lib/libsandbox.1.dylib
0x00007ff81c426000 	/System/Library/PrivateFrameworks/NetAuth.framework/Versions/A/NetAuth
0x00007ff81d783000 	/System/Library/PrivateFrameworks/Sharing.framework/Versions/A/Sharing
0x00007ff813e39000 	/System/Library/PrivateFrameworks/login.framework/Versions/A/Frameworks/loginsupport.framework/Versions/A/loginsupport
0x00007ff8233b1000 	/System/Library/PrivateFrameworks/Apple80211.framework/Versions/A/Apple80211
0x00007ff817fcf000 	/System/Library/PrivateFrameworks/AuthKit.framework/Versions/A/AuthKit
0x00007ff8233b2000 	/System/Library/PrivateFrameworks/CoreWiFi.framework/Versions/A/CoreWiFi
0x00007ff8173ae000 	/System/Library/Frameworks/CoreWLAN.framework/Versions/A/CoreWLAN
0x00007ff911f0c000 	/usr/lib/swift/libswiftCoreAudio.dylib
0x00007ff917407000 	/usr/lib/swift/libswiftCoreLocation.dylib
0x00007ff819d9c000 	/usr/lib/libIOReport.dylib
0x00007ffa18f31000 	/System/Library/PrivateFrameworks/WiFiPeerToPeer.framework/Versions/A/WiFiPeerToPeer
0x00007ff81817c000 	/System/Library/Frameworks/UserNotifications.framework/Versions/A/UserNotifications
0x00007ff81c943000 	/System/Library/PrivateFrameworks/CorePhoneNumbers.framework/Versions/A/CorePhoneNumbers
0x00007ff81c107000 	/System/Library/PrivateFrameworks/MultiverseSupport.framework/Versions/A/MultiverseSupport
0x00007ff8237de000 	/System/Library/PrivateFrameworks/RemoteServiceDiscovery.framework/Versions/A/RemoteServiceDiscovery
0x00007ff820caf000 	/System/Library/PrivateFrameworks/DiskManagement.framework/Versions/A/DiskManagement
0x00007ff820bc8000 	/System/Library/PrivateFrameworks/AppleIDAuthSupport.framework/Versions/A/AppleIDAuthSupport
0x00007ffb0ff19000 	/System/Library/PrivateFrameworks/AAAFoundation.framework/Versions/A/AAAFoundation
0x00007ff81c917000 	/System/Library/PrivateFrameworks/KeychainCircle.framework/Versions/A/KeychainCircle
0x00007ff8237ef000 	/System/Library/PrivateFrameworks/RemoteXPC.framework/Versions/A/RemoteXPC
0x00007ff823893000 	/usr/lib/libcsfde.dylib
0x00007ff819f4a000 	/usr/lib/libCoreStorage.dylib
0x00007ff820c7c000 	/System/Library/PrivateFrameworks/MediaKit.framework/Versions/A/MediaKit
0x00007ff820bd4000 	/System/Library/Frameworks/DiscRecording.framework/Versions/A/DiscRecording
0x00007ff81dbb0000 	/System/Library/PrivateFrameworks/ProtectedCloudStorage.framework/Versions/A/ProtectedCloudStorage
0x00007ff82388f000 	/System/Library/PrivateFrameworks/EFILogin.framework/Versions/A/EFILogin
0x00007ff82135f000 	/System/Library/PrivateFrameworks/OctagonTrust.framework/Versions/A/OctagonTrust
0x00007ff8153de000 	/System/Library/Frameworks/CoreLocation.framework/Versions/A/CoreLocation
0x00007ff81de0d000 	/System/Library/PrivateFrameworks/GeoServices.framework/Versions/A/GeoServices
0x00007ff81bdc7000 	/System/Library/PrivateFrameworks/LocationSupport.framework/Versions/A/LocationSupport
0x00007ffb1e934000 	/System/Library/PrivateFrameworks/GeoServicesCore.framework/Versions/A/GeoServicesCore
0x00007ff90c8be000 	/System/Library/PrivateFrameworks/PhoneNumbers.framework/Versions/A/PhoneNumbers
0x00007ff819f42000 	/usr/lib/libMatch.1.dylib
0x00007ff91ab26000 	/System/Library/CoreServices/RawCamera.bundle/Contents/MacOS/RawCamera
0x00007ff81c814000 	/System/Library/PrivateFrameworks/MobileAsset.framework/Versions/A/MobileAsset
0x00007ffb11c61000 	/System/Library/PrivateFrameworks/AppleJPEGXL.framework/Versions/A/AppleJPEGXL
0x00007ff917d70000 	/System/Library/PrivateFrameworks/SoftwareUpdateCoreSupport.framework/Versions/A/SoftwareUpdateCoreSupport
0x00007ff91f457000 	/System/Library/PrivateFrameworks/SoftwareUpdateCoreConnect.framework/Versions/A/SoftwareUpdateCoreConnect
0x00007ff823f9a000 	/System/Library/PrivateFrameworks/StreamingZip.framework/Versions/A/StreamingZip
0x00007ff917a03000 	/System/Library/PrivateFrameworks/MSUDataAccessor.framework/Versions/A/MSUDataAccessor
0x00007ff913a6f000 	/usr/lib/libbootpolicy.dylib
0x00007ff92687d000 	/usr/lib/libpartition2_dynamic.dylib
0x00007ffb135a3000 	/System/Library/PrivateFrameworks/CMPhoto.framework/Versions/A/CMPhoto
0x00007ff821dc9000 	/System/Library/PrivateFrameworks/AppleVPA.framework/Versions/A/AppleVPA
0x00007ff81af4e000 	/System/Library/Frameworks/MediaToolbox.framework/Versions/A/MediaToolbox
0x00007ff821154000 	/System/Library/PrivateFrameworks/CoreAVCHD.framework/Versions/A/CoreAVCHD
0x00007ff821150000 	/System/Library/PrivateFrameworks/Mangrove.framework/Versions/A/Mangrove
0x00007ff8216ec000 	/System/Library/Frameworks/CoreTelephony.framework/Versions/A/CoreTelephony
0x00007ff820d95000 	/System/Library/PrivateFrameworks/CoreAUC.framework/Versions/A/CoreAUC
0x00007ff81c94c000 	/usr/lib/libTelephonyUtilDynamic.dylib
0x00007ff9173ea000 	/System/Library/Frameworks/Accelerate.framework/Versions/A/Frameworks/vImage.framework/Versions/A/Libraries/libCGInterfaces.dylib
0x0000000126c02000 	/usr/lib/libobjc-trampolines.dylib
0x00007ffc1d7b1000 	/usr/lib/libAccessibilityBaseImplementations.dylib
0x00007ffa27cd2000 	/System/Library/Extensions/AGXMetalG15G_C0.bundle/Contents/MacOS/AGXMetalG15G_C0
0x00007ff90b81d000 	/System/Library/PrivateFrameworks/IOGPU.framework/Versions/A/IOGPU
0x00007ff81a2be000 	/System/Library/PrivateFrameworks/login.framework/Versions/A/login
0x00007ff821c1c000 	/System/Library/Frameworks/LocalAuthentication.framework/Versions/A/LocalAuthentication
0x00007ffb23834000 	/System/Library/PrivateFrameworks/LocalAuthenticationCore.framework/Versions/A/LocalAuthenticationCore
0x00007ff821c62000 	/System/Library/Frameworks/LocalAuthentication.framework/Support/SharedUtils.framework/Versions/A/SharedUtils
0x00007ff821bba000 	/System/Library/Frameworks/CryptoTokenKit.framework/Versions/A/CryptoTokenKit
0x00007ff813b4e000 	/System/Library/PrivateFrameworks/ViewBridge.framework/Versions/A/ViewBridge
0x000000017776f000 	/Users/mackenzieraue/.p2/pool/plugins/org.eclipse.justj.openjdk.hotspot.jre.full.macosx.x86_64_23.0.1.v20241024-1700/jre/lib/libosxui.dylib
0x00007ffc11425000 	/System/Library/PrivateFrameworks/TextInputUI.framework/Versions/A/TextInputUI
0x00007ffc1142b000 	/System/Library/PrivateFrameworks/TextInputUIMacHelper.framework/Versions/A/TextInputUIMacHelper
0x00007ff9240c4000 	/System/Library/PrivateFrameworks/ScreenTimeServiceUI.framework/Versions/A/ScreenTimeServiceUI


VM Arguments:
jvm_args: -Dfile.encoding=UTF-8 -Dstdout.encoding=UTF-8 -Dstderr.encoding=UTF-8 -XX:+ShowCodeDetailsInExceptionMessages 
java_command: assignment0.RobotController
java_class_path (initial): /Users/mackenzieraue/git/assignment-0-mackenzieraue/bin
Launcher Type: SUN_STANDARD

[Global flags]
     intx CICompilerCount                          = 4                                         {product} {ergonomic}
     uint ConcGCThreads                            = 2                                         {product} {ergonomic}
     uint G1ConcRefinementThreads                  = 8                                         {product} {ergonomic}
   size_t G1HeapRegionSize                         = 1048576                                   {product} {ergonomic}
   size_t InitialHeapSize                          = 134217728                                 {product} {ergonomic}
   size_t MarkStackSize                            = 4194304                                   {product} {ergonomic}
   size_t MarkStackSizeMax                         = 536870912                                 {product} {ergonomic}
   size_t MaxHeapSize                              = 2147483648                                {product} {ergonomic}
   size_t MaxNewSize                               = 1287651328                                {product} {ergonomic}
   size_t MinHeapDeltaBytes                        = 1048576                                   {product} {ergonomic}
   size_t MinHeapSize                              = 8388608                                   {product} {ergonomic}
    uintx NonNMethodCodeHeapSize                   = 5836800                                {pd product} {ergonomic}
    uintx NonProfiledCodeHeapSize                  = 122912768                              {pd product} {ergonomic}
    uintx ProfiledCodeHeapSize                     = 122908672                              {pd product} {ergonomic}
    uintx ReservedCodeCacheSize                    = 251658240                              {pd product} {ergonomic}
     bool SegmentedCodeCache                       = true                                      {product} {ergonomic}
     bool ShowCodeDetailsInExceptionMessages       = true                                   {manageable} {command line}
   size_t SoftMaxHeapSize                          = 2147483648                             {manageable} {ergonomic}
     bool UseCompressedOops                        = true                           {product lp64_product} {ergonomic}
     bool UseG1GC                                  = true                                      {product} {ergonomic}
     bool UseNUMA                                  = false                                     {product} {ergonomic}
     bool UseNUMAInterleaving                      = false                                     {product} {ergonomic}

Logging:
Log output configuration:
 #0: stdout all=warning uptime,level,tags foldmultilines=false
 #1: stderr all=off uptime,level,tags foldmultilines=false

Environment Variables:
PATH=/usr/bin:/bin:/usr/sbin:/sbin
SHELL=/bin/zsh
TMPDIR=/var/folders/df/byr6sd891q37gczmpc5_n6tw0000gn/T/

Active Locale:
LC_ALL=C
LC_COLLATE=C
LC_CTYPE=C
LC_MESSAGES=C
LC_MONETARY=C
LC_NUMERIC=C
LC_TIME=C

Signal Handlers:
   SIGSEGV: crash_handler in libjvm.dylib, mask=11100110100111111111111111111111, flags=SA_ONSTACK|SA_RESTART|SA_SIGINFO, unblocked
    SIGBUS: crash_handler in libjvm.dylib, mask=11100110100111111111111111111111, flags=SA_RESTART|SA_SIGINFO, unblocked
    SIGFPE: crash_handler in libjvm.dylib, mask=11100110100111111111111111111111, flags=SA_RESTART|SA_SIGINFO, unblocked
   SIGPIPE: javaSignalHandler in libjvm.dylib, mask=11100110100111111111111111111111, flags=SA_RESTART|SA_SIGINFO, blocked
   SIGXFSZ: javaSignalHandler in libjvm.dylib, mask=11100110100111111111111111111111, flags=SA_RESTART|SA_SIGINFO, blocked
    SIGILL: crash_handler in libjvm.dylib, mask=11100110100111111111111111111111, flags=SA_RESTART|SA_SIGINFO, unblocked
   SIGUSR2: SR_handler in libjvm.dylib, mask=00000000000000000000000000000000, flags=SA_RESTART|SA_SIGINFO, blocked
    SIGHUP: UserHandler in libjvm.dylib, mask=11100110100111111111111111111111, flags=SA_RESTART|SA_SIGINFO, blocked
    SIGINT: UserHandler in libjvm.dylib, mask=11100110100111111111111111111111, flags=SA_RESTART|SA_SIGINFO, blocked
   SIGTERM: UserHandler in libjvm.dylib, mask=11100110100111111111111111111111, flags=SA_RESTART|SA_SIGINFO, blocked
   SIGQUIT: UserHandler in libjvm.dylib, mask=11100110100111111111111111111111, flags=SA_RESTART|SA_SIGINFO, blocked
   SIGTRAP: crash_handler in libjvm.dylib, mask=11100110100111111111111111111111, flags=SA_RESTART|SA_SIGINFO, unblocked


Periodic native trim disabled

---------------  S Y S T E M  ---------------

OS:
uname: Darwin 23.6.0 Darwin Kernel Version 23.6.0: Fri Jul  5 17:56:39 PDT 2024; root:xnu-10063.141.1~2/RELEASE_ARM64_T8122 x86_64
OS uptime: 44 days 11:49 hours
rlimit (soft/hard): STACK 8176k/65520k , CORE 0k/infinity , NPROC 1333/2000 , NOFILE 2147483647/infinity , AS infinity/infinity , CPU infinity/infinity , DATA infinity/infinity , FSIZE infinity/infinity , MEMLOCK infinity/infinity , RSS infinity/infinity
load average: 2.23 3.05 3.19

CPU: (EMULATED) total 8 (initial active 8) (1 cores per cpu, 1 threads per core) family 6 model 44 stepping 0 microcode 0x0, cx8, cmov, fxsr, mmx, sse, sse2, sse3, ssse3, sse4.1, sse4.2, popcnt, tsc, tscinvbit, aes, clmul, clflush, rdtscp
machdep.cpu.brand_string:Apple M3
hw.cpufrequency:2400000000
hw.cpufrequency_min:2400000000
hw.cpufrequency_max:2400000000
hw.cachelinesize:64
hw.l1icachesize:131072
hw.l1dcachesize:65536
hw.l2cachesize:4194304

Memory: 4k page, physical 8388608k(20776k free), swap 3145728k(1472832k free)

vm_info: OpenJDK 64-Bit Server VM (23.0.1+11) for bsd-amd64 JRE (23.0.1+11), built on 2024-10-15T00:00:00Z with clang Apple LLVM 15.0.0 (clang-1500.1.0.2.5)

END.
